SF:/home/ac/projects/shardline/crates/cli/src/adapter.rs
FN:130,_RNvNtNtCsk1gAxsC5djE_9shardline7adapter5testss_23cli_runtime_error_debug
FN:95,_RNvNtNtCsk1gAxsC5djE_9shardline7adapter5testss_28cli_runtime_error_io_display
FN:102,_RNvNtNtCsk1gAxsC5djE_9shardline7adapter5testss_30cli_runtime_error_json_display
FN:85,_RNvNtNtCsk1gAxsC5djE_9shardline7adapter5testss_32endpoint_joins_base_url_and_path
FN:120,_RNvNtNtCsk1gAxsC5djE_9shardline7adapter5testss_35cli_runtime_error_unhealthy_display
FN:109,_RNvNtNtCsk1gAxsC5djE_9shardline7adapter5testss_39cli_runtime_error_server_status_display
FN:64,_RINvNtCsk1gAxsC5djE_9shardline7adapter18read_json_responseNtNtCsaZs4cMQqMpJ_16shardline_server5model14HealthResponseEB4_
FN:67,_RNCINvNtCsk1gAxsC5djE_9shardline7adapter18read_json_responseNtNtCsaZs4cMQqMpJ_16shardline_server5model14HealthResponseE0B6_
FN:43,_RNCNvNtCsk1gAxsC5djE_9shardline7adapter16run_health_check0B5_
FN:56,_RNvNtCsk1gAxsC5djE_9shardline7adapter8endpoint
FN:43,_RNvNtCsk1gAxsC5djE_9shardline7adapter16run_health_check
FNDA:1,_RNvNtNtCsk1gAxsC5djE_9shardline7adapter5testss_23cli_runtime_error_debug
FNDA:1,_RNvNtNtCsk1gAxsC5djE_9shardline7adapter5testss_28cli_runtime_error_io_display
FNDA:1,_RNvNtNtCsk1gAxsC5djE_9shardline7adapter5testss_30cli_runtime_error_json_display
FNDA:1,_RNvNtNtCsk1gAxsC5djE_9shardline7adapter5testss_32endpoint_joins_base_url_and_path
FNDA:1,_RNvNtNtCsk1gAxsC5djE_9shardline7adapter5testss_35cli_runtime_error_unhealthy_display
FNDA:1,_RNvNtNtCsk1gAxsC5djE_9shardline7adapter5testss_39cli_runtime_error_server_status_display
FNDA:0,_RINvNtCsk1gAxsC5djE_9shardline7adapter18read_json_responseNtNtCsaZs4cMQqMpJ_16shardline_server5model14HealthResponseEB4_
FNDA:0,_RNCINvNtCsk1gAxsC5djE_9shardline7adapter18read_json_responseNtNtCsaZs4cMQqMpJ_16shardline_server5model14HealthResponseE0B6_
FNDA:0,_RNCNvNtCsk1gAxsC5djE_9shardline7adapter16run_health_check0B5_
FNDA:1,_RNvNtCsk1gAxsC5djE_9shardline7adapter8endpoint
FNDA:0,_RNvNtCsk1gAxsC5djE_9shardline7adapter16run_health_check
FNF:11
FNH:7
DA:43,0
DA:44,0
DA:45,0
DA:46,0
DA:47,0
DA:48,0
DA:49,0
DA:50,0
DA:51,0
DA:53,0
DA:54,0
DA:56,1
DA:57,1
DA:59,1
DA:60,1
DA:62,1
DA:64,0
DA:65,0
DA:66,0
DA:67,0
DA:68,0
DA:69,0
DA:70,0
DA:71,0
DA:72,0
DA:73,0
DA:74,0
DA:75,0
DA:77,0
DA:78,0
DA:85,1
DA:86,1
DA:87,1
DA:90,1
DA:95,1
DA:96,1
DA:97,1
DA:98,1
DA:99,1
DA:102,1
DA:103,1
DA:104,1
DA:105,1
DA:106,1
DA:109,1
DA:110,1
DA:111,1
DA:112,1
DA:113,1
DA:114,1
DA:115,1
DA:116,1
DA:117,1
DA:120,1
DA:121,1
DA:122,1
DA:123,1
DA:124,1
DA:125,1
DA:126,1
DA:127,1
DA:130,1
DA:131,1
DA:132,1
DA:133,1
DA:134,1
DA:135,1
DA:136,1
DA:137,1
BRF:0
BRH:0
LF:70
LH:44
end_of_record
SF:/home/ac/projects/shardline/crates/cli/src/admin.rs
FN:287,_RINvNtCsk1gAxsC5djE_9shardline5admin42set_before_signing_key_read_hook_for_testsNCNvNtB2_5testss_93mint_admin_token_rejects_signing_key_growth_after_validation_without_retaining_appended_bytes0EB4_
FN:34,_RNCNvNtCsk1gAxsC5djE_9shardline5admin28BEFORE_SIGNING_KEY_READ_HOOK0B5_
FN:154,_RNCNvNtCsk1gAxsC5djE_9shardline5admin31read_signing_key_bytes_from_env0B5_
FN:93,_RNvNtCsk1gAxsC5djE_9shardline5admin16mint_admin_token
FN:167,_RNvNtCsk1gAxsC5djE_9shardline5admin21open_signing_key_file
FN:139,_RNvNtCsk1gAxsC5djE_9shardline5admin22read_signing_key_bytes
FN:216,_RNvNtCsk1gAxsC5djE_9shardline5admin24read_bounded_signing_key
FN:183,_RNvNtCsk1gAxsC5djE_9shardline5admin24resolve_signing_key_path
FN:116,_RNvNtCsk1gAxsC5djE_9shardline5admin29mint_admin_token_from_sources
FN:152,_RNvNtCsk1gAxsC5djE_9shardline5admin31read_signing_key_bytes_from_env
FN:276,_RNvNtCsk1gAxsC5djE_9shardline5admin35take_signing_key_read_hook_for_path
FN:252,_RNvNtCsk1gAxsC5djE_9shardline5admin36ensure_signing_key_size_within_limit
FN:264,_RNvNtCsk1gAxsC5djE_9shardline5admin42run_before_signing_key_read_hook_for_tests
FN:398,_RNCNvNtNtCsk1gAxsC5djE_9shardline5admin5testss_93mint_admin_token_rejects_signing_key_growth_after_validation_without_retaining_appended_bytes0B7_
FN:348,_RNvNtNtCsk1gAxsC5djE_9shardline5admin5testss_47mint_admin_token_reads_key_file_and_signs_token
FN:494,_RNvNtNtCsk1gAxsC5djE_9shardline5admin5testss_51mint_admin_token_rejects_missing_signing_key_source
FN:314,_RNvNtNtCsk1gAxsC5djE_9shardline5admin5testss_51mint_admin_token_rejects_oversized_signing_key_file
FN:519,_RNvNtNtCsk1gAxsC5djE_9shardline5admin5testss_53mint_admin_token_rejects_multiple_signing_key_sources
FN:429,_RNvNtNtCsk1gAxsC5djE_9shardline5admin5testss_68mint_admin_token_accepts_projected_secret_symlinked_signing_key_file
FN:460,_RNvNtNtCsk1gAxsC5djE_9shardline5admin5testss_69mint_admin_token_rejects_symlinked_signing_key_file_outside_directory
FN:380,_RNvNtNtCsk1gAxsC5djE_9shardline5admin5testss_93mint_admin_token_rejects_signing_key_growth_after_validation_without_retaining_appended_bytes
FNDA:1,_RINvNtCsk1gAxsC5djE_9shardline5admin42set_before_signing_key_read_hook_for_testsNCNvNtB2_5testss_93mint_admin_token_rejects_signing_key_growth_after_validation_without_retaining_appended_bytes0EB4_
FNDA:1,_RNCNvNtCsk1gAxsC5djE_9shardline5admin28BEFORE_SIGNING_KEY_READ_HOOK0B5_
FNDA:0,_RNCNvNtCsk1gAxsC5djE_9shardline5admin31read_signing_key_bytes_from_env0B5_
FNDA:5,_RNvNtCsk1gAxsC5djE_9shardline5admin16mint_admin_token
FNDA:9,_RNvNtCsk1gAxsC5djE_9shardline5admin21open_signing_key_file
FNDA:9,_RNvNtCsk1gAxsC5djE_9shardline5admin22read_signing_key_bytes
FNDA:6,_RNvNtCsk1gAxsC5djE_9shardline5admin24read_bounded_signing_key
FNDA:9,_RNvNtCsk1gAxsC5djE_9shardline5admin24resolve_signing_key_path
FNDA:2,_RNvNtCsk1gAxsC5djE_9shardline5admin29mint_admin_token_from_sources
FNDA:0,_RNvNtCsk1gAxsC5djE_9shardline5admin31read_signing_key_bytes_from_env
FNDA:6,_RNvNtCsk1gAxsC5djE_9shardline5admin35take_signing_key_read_hook_for_path
FNDA:12,_RNvNtCsk1gAxsC5djE_9shardline5admin36ensure_signing_key_size_within_limit
FNDA:6,_RNvNtCsk1gAxsC5djE_9shardline5admin42run_before_signing_key_read_hook_for_tests
FNDA:1,_RNCNvNtNtCsk1gAxsC5djE_9shardline5admin5testss_93mint_admin_token_rejects_signing_key_growth_after_validation_without_retaining_appended_bytes0B7_
FNDA:1,_RNvNtNtCsk1gAxsC5djE_9shardline5admin5testss_47mint_admin_token_reads_key_file_and_signs_token
FNDA:1,_RNvNtNtCsk1gAxsC5djE_9shardline5admin5testss_51mint_admin_token_rejects_missing_signing_key_source
FNDA:1,_RNvNtNtCsk1gAxsC5djE_9shardline5admin5testss_51mint_admin_token_rejects_oversized_signing_key_file
FNDA:1,_RNvNtNtCsk1gAxsC5djE_9shardline5admin5testss_53mint_admin_token_rejects_multiple_signing_key_sources
FNDA:1,_RNvNtNtCsk1gAxsC5djE_9shardline5admin5testss_68mint_admin_token_accepts_projected_secret_symlinked_signing_key_file
FNDA:1,_RNvNtNtCsk1gAxsC5djE_9shardline5admin5testss_69mint_admin_token_rejects_symlinked_signing_key_file_outside_directory
FNDA:1,_RNvNtNtCsk1gAxsC5djE_9shardline5admin5testss_93mint_admin_token_rejects_signing_key_growth_after_validation_without_retaining_appended_bytes
FNF:21
FNH:19
DA:34,1
DA:93,5
DA:94,5
DA:95,5
DA:96,5
DA:97,5
DA:98,5
DA:99,5
DA:100,5
DA:101,5
DA:102,2
DA:103,2
DA:104,2
DA:105,2
DA:106,2
DA:107,2
DA:108,5
DA:116,2
DA:117,2
DA:118,2
DA:119,2
DA:120,2
DA:121,2
DA:122,2
DA:123,2
DA:124,2
DA:125,2
DA:126,0
DA:127,0
DA:128,1
DA:129,1
DA:131,0
DA:132,0
DA:133,0
DA:134,0
DA:135,0
DA:136,0
DA:137,2
DA:139,9
DA:140,9
DA:141,7
DA:142,7
DA:144,6
DA:146,6
DA:147,5
DA:149,5
DA:150,9
DA:152,0
DA:153,0
DA:154,0
DA:155,0
DA:156,0
DA:157,0
DA:158,0
DA:159,0
DA:160,0
DA:161,0
DA:162,0
DA:163,0
DA:164,0
DA:167,9
DA:170,9
DA:171,7
DA:172,7
DA:173,7
DA:174,7
DA:175,9
DA:183,9
DA:184,9
DA:185,9
DA:186,6
DA:187,3
DA:189,3
DA:190,1
DA:191,1
DA:192,1
DA:193,1
DA:194,2
DA:196,2
DA:197,0
DA:198,0
DA:199,0
DA:200,0
DA:202,2
DA:203,2
DA:204,2
DA:206,2
DA:207,1
DA:208,1
DA:209,1
DA:210,1
DA:211,1
DA:213,1
DA:214,9
DA:216,6
DA:217,6
DA:218,6
DA:219,6
DA:220,6
DA:221,6
DA:222,6
DA:223,6
DA:225,6
DA:226,6
DA:227,0
DA:228,0
DA:229,0
DA:230,0
DA:231,6
DA:233,6
DA:234,6
DA:235,1
DA:236,1
DA:237,1
DA:238,1
DA:239,5
DA:241,5
DA:242,5
DA:243,0
DA:244,0
DA:245,0
DA:246,0
DA:247,5
DA:249,5
DA:250,6
DA:252,12
DA:253,12
DA:254,1
DA:255,1
DA:256,1
DA:257,1
DA:258,11
DA:260,11
DA:261,12
DA:264,6
DA:265,6
DA:266,6
DA:267,0
DA:270,6
DA:271,1
DA:272,5
DA:273,6
DA:276,6
DA:277,6
DA:278,6
DA:279,6
DA:280,1
DA:281,5
DA:282,1
DA:283,1
DA:284,6
DA:287,1
DA:288,1
DA:289,1
DA:290,0
DA:292,1
DA:293,1
DA:294,1
DA:295,1
DA:296,1
DA:314,1
DA:315,1
DA:316,1
DA:317,1
DA:318,0
DA:320,1
DA:321,1
DA:322,1
DA:323,1
DA:324,1
DA:325,1
DA:326,0
DA:329,1
DA:330,1
DA:331,1
DA:332,1
DA:333,1
DA:334,1
DA:338,1
DA:339,1
DA:345,1
DA:348,1
DA:349,1
DA:350,1
DA:351,1
DA:352,0
DA:354,1
DA:355,1
DA:356,1
DA:357,1
DA:358,1
DA:359,1
DA:360,0
DA:363,1
DA:364,1
DA:365,1
DA:366,1
DA:367,1
DA:368,1
DA:372,1
DA:373,1
DA:374,0
DA:376,1
DA:377,1
DA:380,1
DA:382,1
DA:383,1
DA:384,1
DA:385,0
DA:387,1
DA:388,1
DA:389,1
DA:390,1
DA:391,1
DA:392,1
DA:393,1
DA:394,0
DA:397,1
DA:398,1
DA:399,1
DA:400,1
DA:401,1
DA:402,0
DA:404,1
DA:405,1
DA:406,1
DA:408,1
DA:409,1
DA:410,1
DA:411,1
DA:412,1
DA:413,1
DA:417,1
DA:418,1
DA:420,1
DA:421,1
DA:422,1
DA:423,1
DA:425,1
DA:429,1
DA:432,1
DA:433,1
DA:434,1
DA:435,0
DA:437,1
DA:438,1
DA:439,1
DA:440,1
DA:441,1
DA:442,1
DA:443,1
DA:444,1
DA:445,1
DA:446,1
DA:447,1
DA:448,1
DA:449,1
DA:450,0
DA:453,1
DA:455,1
DA:456,1
DA:460,1
DA:463,1
DA:464,1
DA:465,1
DA:466,0
DA:468,1
DA:469,1
DA:470,1
DA:471,0
DA:473,1
DA:474,1
DA:475,1
DA:476,1
DA:477,1
DA:478,1
DA:479,1
DA:480,1
DA:481,1
DA:482,0
DA:485,1
DA:487,1
DA:488,1
DA:489,1
DA:491,1
DA:494,1
DA:495,1
DA:496,1
DA:497,1
DA:498,1
DA:499,0
DA:502,1
DA:503,1
DA:504,1
DA:505,1
DA:506,1
DA:507,1
DA:508,1
DA:512,1
DA:513,1
DA:516,1
DA:519,1
DA:520,1
DA:521,1
DA:522,1
DA:523,1
DA:524,0
DA:527,1
DA:528,1
DA:529,1
DA:530,1
DA:531,1
DA:532,1
DA:533,1
DA:537,1
DA:538,1
DA:541,1
BRF:0
BRH:0
LF:319
LH:268
end_of_record
SF:/home/ac/projects/shardline/crates/cli/src/artifact.rs
FN:127,_RNvNtNtCsk1gAxsC5djE_9shardline8artifact5testss_30manpage_mentions_core_commands
FN:116,_RNvNtNtCsk1gAxsC5djE_9shardline8artifact5testss_34bash_completion_mentions_shardline
FN:101,_RINvNtCsk1gAxsC5djE_9shardline8artifact13write_manpageINtNtCsauO83Ko6oyK_5alloc3vec3VechEEB4_
FN:46,_RINvNtCsk1gAxsC5djE_9shardline8artifact16write_completionINtNtCsauO83Ko6oyK_5alloc3vec3VechEEB4_
FN:38,_RNvNtCsk1gAxsC5djE_9shardline8artifact14render_manpage
FN:27,_RNvNtCsk1gAxsC5djE_9shardline8artifact17render_completion
FNDA:1,_RNvNtNtCsk1gAxsC5djE_9shardline8artifact5testss_30manpage_mentions_core_commands
FNDA:1,_RNvNtNtCsk1gAxsC5djE_9shardline8artifact5testss_34bash_completion_mentions_shardline
FNDA:1,_RINvNtCsk1gAxsC5djE_9shardline8artifact13write_manpageINtNtCsauO83Ko6oyK_5alloc3vec3VechEEB4_
FNDA:1,_RINvNtCsk1gAxsC5djE_9shardline8artifact16write_completionINtNtCsauO83Ko6oyK_5alloc3vec3VechEEB4_
FNDA:1,_RNvNtCsk1gAxsC5djE_9shardline8artifact14render_manpage
FNDA:1,_RNvNtCsk1gAxsC5djE_9shardline8artifact17render_completion
FNF:6
FNH:6
DA:27,1
DA:28,1
DA:29,1
DA:30,1
DA:31,1
DA:38,1
DA:39,1
DA:40,1
DA:41,1
DA:42,1
DA:46,1
DA:47,1
DA:48,1
DA:50,1
DA:51,1
DA:52,1
DA:53,1
DA:54,1
DA:55,1
DA:56,1
DA:57,1
DA:58,1
DA:59,1
DA:60,1
DA:61,0
DA:62,0
DA:63,0
DA:64,0
DA:65,0
DA:66,0
DA:67,0
DA:68,0
DA:69,0
DA:70,0
DA:71,0
DA:72,0
DA:73,0
DA:74,0
DA:75,0
DA:76,0
DA:77,0
DA:78,0
DA:79,0
DA:80,0
DA:81,0
DA:82,0
DA:83,0
DA:84,0
DA:85,0
DA:86,0
DA:87,0
DA:88,0
DA:89,0
DA:90,0
DA:91,0
DA:92,0
DA:94,1
DA:101,1
DA:102,1
DA:103,1
DA:105,1
DA:106,1
DA:107,1
DA:108,1
DA:116,1
DA:117,1
DA:118,1
DA:119,1
DA:120,0
DA:122,1
DA:123,1
DA:124,1
DA:127,1
DA:128,1
DA:129,1
DA:130,1
DA:131,0
DA:133,1
DA:134,1
DA:135,1
DA:136,1
BRF:0
BRH:0
LF:81
LH:47
end_of_record
SF:/home/ac/projects/shardline/crates/cli/src/backup.rs
FN:131,_RNvNtNtCsk1gAxsC5djE_9shardline6backup5testss_26backup_runtime_error_debug
FN:123,_RNvNtNtCsk1gAxsC5djE_9shardline6backup5testss_28backup_runtime_error_display
FN:71,_RNvNtNtCsk1gAxsC5djE_9shardline6backup5testss_34backup_manifest_report_with_counts
FN:49,_RNvNtNtCsk1gAxsC5djE_9shardline6backup5testss_35backup_manifest_report_new_defaults
FN:100,_RNvNtNtCsk1gAxsC5djE_9shardline6backup5testss_35backup_manifest_report_serializable
FN:140,_RNvNtNtCsk1gAxsC5djE_9shardline6backup5testss_35backup_runtime_error_config_display
FN:149,_RNvNtNtCsk1gAxsC5djE_9shardline6backup5testss_35backup_runtime_error_server_display
FN:31,_RNvNtCsk1gAxsC5djE_9shardline6backup19run_backup_manifest
FN:34,_RNCNvNtCsk1gAxsC5djE_9shardline6backup19run_backup_manifest0B5_
FNDA:1,_RNvNtNtCsk1gAxsC5djE_9shardline6backup5testss_26backup_runtime_error_debug
FNDA:1,_RNvNtNtCsk1gAxsC5djE_9shardline6backup5testss_28backup_runtime_error_display
FNDA:1,_RNvNtNtCsk1gAxsC5djE_9shardline6backup5testss_34backup_manifest_report_with_counts
FNDA:1,_RNvNtNtCsk1gAxsC5djE_9shardline6backup5testss_35backup_manifest_report_new_defaults
FNDA:1,_RNvNtNtCsk1gAxsC5djE_9shardline6backup5testss_35backup_manifest_report_serializable
FNDA:1,_RNvNtNtCsk1gAxsC5djE_9shardline6backup5testss_35backup_runtime_error_config_display
FNDA:1,_RNvNtNtCsk1gAxsC5djE_9shardline6backup5testss_35backup_runtime_error_server_display
FNDA:0,_RNvNtCsk1gAxsC5djE_9shardline6backup19run_backup_manifest
FNDA:0,_RNCNvNtCsk1gAxsC5djE_9shardline6backup19run_backup_manifest0B5_
FNF:9
FNH:7
DA:31,0
DA:32,0
DA:33,0
DA:34,0
DA:35,0
DA:36,0
DA:37,0
DA:38,0
DA:39,0
DA:40,0
DA:49,1
DA:50,1
DA:51,1
DA:52,1
DA:53,1
DA:54,1
DA:55,1
DA:56,1
DA:57,1
DA:58,1
DA:59,1
DA:60,1
DA:61,1
DA:62,1
DA:63,1
DA:64,1
DA:65,1
DA:66,1
DA:67,1
DA:68,1
DA:71,1
DA:72,1
DA:73,1
DA:74,1
DA:75,1
DA:76,1
DA:77,1
DA:78,1
DA:79,1
DA:80,1
DA:81,1
DA:82,1
DA:83,1
DA:84,1
DA:85,1
DA:86,1
DA:87,1
DA:88,1
DA:89,1
DA:90,1
DA:91,1
DA:92,1
DA:93,1
DA:94,1
DA:95,1
DA:96,1
DA:97,1
DA:100,1
DA:101,1
DA:102,1
DA:103,1
DA:104,1
DA:105,1
DA:106,1
DA:107,1
DA:108,1
DA:109,1
DA:110,1
DA:111,1
DA:112,1
DA:113,1
DA:114,1
DA:115,1
DA:116,1
DA:117,1
DA:118,1
DA:119,1
DA:120,1
DA:123,1
DA:124,1
DA:125,1
DA:126,1
DA:127,1
DA:128,1
DA:131,1
DA:132,1
DA:133,1
DA:134,1
DA:136,1
DA:137,1
DA:140,1
DA:142,1
DA:143,1
DA:144,1
DA:145,1
DA:146,1
DA:149,1
DA:151,1
DA:152,1
DA:153,1
DA:154,1
DA:155,1
BRF:0
BRH:0
LF:103
LH:92
end_of_record
SF:/home/ac/projects/shardline/crates/cli/src/bench/concurrent.rs
FN:51,_RNCNCNvNtNtCsk1gAxsC5djE_9shardline5bench10concurrent22run_concurrent_uploads00B9_
FN:104,_RNCNCNvNtNtCsk1gAxsC5djE_9shardline5bench10concurrent29run_concurrent_ingest_uploads00B9_
FN:23,_RNCNCNvNtNtCsk1gAxsC5djE_9shardline5bench10concurrent31run_concurrent_latest_downloads00B9_
FN:44,_RNCNvNtNtCsk1gAxsC5djE_9shardline5bench10concurrent22run_concurrent_uploads0B7_
FN:97,_RNCNvNtNtCsk1gAxsC5djE_9shardline5bench10concurrent29run_concurrent_ingest_uploads0B7_
FN:17,_RNCNvNtNtCsk1gAxsC5djE_9shardline5bench10concurrent31run_concurrent_latest_downloads0B7_
FN:40,_RNvNtNtCsk1gAxsC5djE_9shardline5bench10concurrent22run_concurrent_uploads
FN:92,_RNvNtNtCsk1gAxsC5djE_9shardline5bench10concurrent29run_concurrent_ingest_uploads
FN:12,_RNvNtNtCsk1gAxsC5djE_9shardline5bench10concurrent31run_concurrent_latest_downloads
FNDA:4,_RNCNCNvNtNtCsk1gAxsC5djE_9shardline5bench10concurrent22run_concurrent_uploads00B9_
FNDA:2,_RNCNCNvNtNtCsk1gAxsC5djE_9shardline5bench10concurrent29run_concurrent_ingest_uploads00B9_
FNDA:4,_RNCNCNvNtNtCsk1gAxsC5djE_9shardline5bench10concurrent31run_concurrent_latest_downloads00B9_
FNDA:3,_RNCNvNtNtCsk1gAxsC5djE_9shardline5bench10concurrent22run_concurrent_uploads0B7_
FNDA:1,_RNCNvNtNtCsk1gAxsC5djE_9shardline5bench10concurrent29run_concurrent_ingest_uploads0B7_
FNDA:3,_RNCNvNtNtCsk1gAxsC5djE_9shardline5bench10concurrent31run_concurrent_latest_downloads0B7_
FNDA:3,_RNvNtNtCsk1gAxsC5djE_9shardline5bench10concurrent22run_concurrent_uploads
FNDA:1,_RNvNtNtCsk1gAxsC5djE_9shardline5bench10concurrent29run_concurrent_ingest_uploads
FNDA:3,_RNvNtNtCsk1gAxsC5djE_9shardline5bench10concurrent31run_concurrent_latest_downloads
FNF:9
FNH:9
DA:12,3
DA:13,3
DA:14,3
DA:15,3
DA:16,3
DA:17,3
DA:18,3
DA:19,3
DA:20,4
DA:21,4
DA:22,4
DA:23,4
DA:26,3
DA:27,7
DA:28,4
DA:29,4
DA:30,4
DA:31,4
DA:32,0
DA:33,4
DA:34,4
DA:37,3
DA:38,3
DA:40,3
DA:41,3
DA:42,3
DA:43,3
DA:44,3
DA:45,3
DA:46,3
DA:47,4
DA:48,4
DA:49,4
DA:50,4
DA:51,4
DA:52,4
DA:53,4
DA:54,4
DA:55,4
DA:56,4
DA:59,3
DA:60,3
DA:61,3
DA:62,3
DA:63,3
DA:64,7
DA:65,4
DA:66,4
DA:67,4
DA:68,4
DA:69,4
DA:70,4
DA:71,4
DA:72,4
DA:74,3
DA:76,4
DA:77,4
DA:78,4
DA:79,0
DA:80,4
DA:83,3
DA:84,3
DA:85,3
DA:86,3
DA:87,3
DA:88,3
DA:89,3
DA:90,3
DA:92,1
DA:93,1
DA:94,1
DA:95,1
DA:96,1
DA:97,1
DA:98,1
DA:99,1
DA:100,1
DA:101,2
DA:102,2
DA:103,2
DA:104,2
DA:105,2
DA:106,2
DA:107,2
DA:108,2
DA:109,2
DA:110,2
DA:111,2
DA:112,2
DA:113,2
DA:116,1
DA:117,1
DA:118,3
DA:119,2
DA:120,2
DA:121,2
DA:122,2
DA:123,2
DA:125,1
DA:126,1
DA:128,1
DA:129,1
DA:130,1
DA:131,1
DA:132,1
DA:133,1
DA:134,1
DA:135,1
DA:136,1
DA:137,1
DA:138,1
DA:139,1
DA:140,1
BRF:0
BRH:0
LF:119
LH:117
end_of_record
SF:/home/ac/projects/shardline/crates/cli/src/bench/e2e.rs
FN:21,_RNCNvNtNtCsk1gAxsC5djE_9shardline5bench3e2e19run_bench_iteration0B7_
FN:14,_RNvNtNtCsk1gAxsC5djE_9shardline5bench3e2e19run_bench_iteration
FNDA:4,_RNCNvNtNtCsk1gAxsC5djE_9shardline5bench3e2e19run_bench_iteration0B7_
FNDA:4,_RNvNtNtCsk1gAxsC5djE_9shardline5bench3e2e19run_bench_iteration
FNF:2
FNH:2
DA:14,4
DA:15,4
DA:16,4
DA:17,4
DA:18,4
DA:19,4
DA:20,4
DA:21,4
DA:22,4
DA:23,4
DA:24,4
DA:25,4
DA:26,4
DA:27,4
DA:28,4
DA:29,4
DA:30,4
DA:31,4
DA:32,4
DA:33,4
DA:34,4
DA:35,4
DA:36,4
DA:37,4
DA:38,4
DA:40,4
DA:41,3
DA:42,3
DA:43,3
DA:44,3
DA:45,3
DA:46,3
DA:49,1
DA:50,1
DA:51,1
DA:56,4
DA:57,4
DA:60,3
DA:61,3
DA:62,3
DA:63,3
DA:64,3
DA:65,3
DA:68,1
DA:69,1
DA:70,1
DA:75,4
DA:76,4
DA:79,3
DA:80,3
DA:81,3
DA:82,3
DA:84,1
DA:87,4
DA:88,4
DA:91,3
DA:92,3
DA:93,3
DA:94,3
DA:95,3
DA:96,3
DA:98,1
DA:101,4
DA:102,4
DA:105,3
DA:106,3
DA:107,3
DA:108,3
DA:109,3
DA:110,3
DA:111,3
DA:112,3
DA:113,3
DA:114,3
DA:115,3
DA:116,0
DA:117,3
DA:118,3
DA:120,1
DA:123,4
DA:124,4
DA:127,3
DA:128,3
DA:129,3
DA:130,3
DA:131,3
DA:132,3
DA:133,3
DA:135,1
DA:138,4
DA:139,4
DA:140,4
DA:141,4
DA:142,4
DA:143,1
DA:144,4
DA:147,3
DA:148,3
DA:150,1
DA:152,4
DA:153,4
DA:154,4
DA:155,4
DA:156,4
DA:157,4
DA:158,4
DA:159,4
DA:160,4
DA:163,4
DA:164,4
DA:165,4
DA:166,4
DA:167,4
DA:168,4
DA:169,4
DA:170,4
DA:171,4
DA:172,4
DA:175,0
DA:176,0
DA:177,0
DA:178,0
DA:179,0
DA:180,0
DA:181,0
DA:185,4
DA:186,4
DA:189,3
DA:190,3
DA:191,3
DA:192,3
DA:193,3
DA:194,3
DA:195,3
DA:197,1
DA:198,1
DA:199,1
DA:200,1
DA:201,1
DA:202,1
DA:205,4
DA:206,0
DA:207,4
DA:208,4
DA:209,0
DA:210,4
DA:211,4
DA:212,4
DA:213,4
DA:214,4
DA:215,4
DA:216,4
DA:217,4
DA:218,0
DA:219,4
DA:220,4
DA:221,0
DA:222,4
DA:223,4
DA:224,0
DA:225,4
DA:227,4
DA:228,4
DA:230,3
DA:231,3
DA:232,3
DA:233,0
DA:234,3
DA:235,3
DA:236,3
DA:237,3
DA:238,3
DA:239,0
DA:240,0
DA:242,0
DA:243,0
DA:244,0
DA:245,1
DA:250,0
DA:252,4
DA:254,3
DA:255,3
DA:256,3
DA:257,0
DA:258,3
DA:259,3
DA:260,3
DA:261,3
DA:262,3
DA:263,0
DA:264,0
DA:266,0
DA:267,0
DA:268,0
DA:274,1
DA:276,4
DA:278,3
DA:279,3
DA:280,3
DA:281,3
DA:282,3
DA:283,3
DA:284,3
DA:285,3
DA:286,0
DA:287,0
DA:289,0
DA:290,0
DA:291,0
DA:292,1
DA:297,0
DA:299,4
DA:300,4
DA:301,4
DA:302,4
DA:303,4
DA:307,4
DA:308,4
DA:309,4
DA:310,4
DA:311,4
DA:312,4
DA:313,4
DA:314,4
DA:315,4
DA:316,4
DA:317,4
DA:318,4
DA:319,4
DA:320,4
DA:322,4
DA:323,4
DA:324,4
DA:325,4
DA:326,4
DA:327,4
DA:328,4
DA:329,4
DA:330,4
DA:332,4
DA:341,0
DA:345,4
DA:346,3
DA:354,1
DA:356,4
DA:358,3
DA:367,1
DA:369,4
DA:371,3
DA:380,1
DA:382,4
DA:383,4
DA:384,4
DA:386,4
DA:395,0
DA:397,4
DA:399,4
DA:408,0
DA:411,4
DA:412,4
DA:413,4
DA:414,4
DA:415,4
DA:416,4
DA:417,4
DA:418,4
DA:419,4
DA:420,4
DA:422,4
DA:423,4
DA:425,4
BRF:0
BRH:0
LF:272
LH:237
end_of_record
SF:/home/ac/projects/shardline/crates/cli/src/bench/ingest.rs
FN:16,_RNCNvNtNtCsk1gAxsC5djE_9shardline5bench6ingest26run_ingest_bench_iteration0B7_
FN:12,_RNvNtNtCsk1gAxsC5djE_9shardline5bench6ingest26run_ingest_bench_iteration
FNDA:1,_RNCNvNtNtCsk1gAxsC5djE_9shardline5bench6ingest26run_ingest_bench_iteration0B7_
FNDA:1,_RNvNtNtCsk1gAxsC5djE_9shardline5bench6ingest26run_ingest_bench_iteration
FNF:2
FNH:2
DA:12,1
DA:13,1
DA:14,1
DA:15,1
DA:16,1
DA:17,1
DA:18,1
DA:19,1
DA:20,1
DA:21,1
DA:22,1
DA:23,1
DA:24,1
DA:25,1
DA:26,1
DA:27,1
DA:28,1
DA:29,1
DA:30,1
DA:31,1
DA:34,0
DA:35,0
DA:36,0
DA:37,0
DA:38,0
DA:39,0
DA:40,0
DA:41,0
DA:46,1
DA:47,1
DA:50,1
DA:51,1
DA:52,1
DA:53,1
DA:54,1
DA:55,1
DA:56,1
DA:57,1
DA:58,1
DA:59,1
DA:60,1
DA:63,0
DA:64,0
DA:65,0
DA:66,0
DA:67,0
DA:68,0
DA:69,0
DA:70,0
DA:75,1
DA:76,1
DA:77,1
DA:78,1
DA:79,1
DA:80,1
DA:81,1
DA:82,1
DA:83,1
DA:85,0
DA:87,1
DA:89,1
DA:90,1
DA:92,0
DA:93,0
DA:94,0
DA:100,0
DA:102,1
DA:103,1
DA:104,1
DA:105,1
DA:106,1
DA:109,1
DA:110,1
DA:111,1
DA:112,1
DA:113,1
DA:114,1
DA:115,1
DA:116,1
DA:124,0
DA:126,1
DA:128,1
DA:137,0
DA:139,1
DA:140,1
DA:141,1
DA:142,1
DA:143,1
DA:144,1
DA:145,1
DA:146,1
DA:147,1
DA:149,1
BRF:0
BRH:0
LF:94
LH:71
end_of_record
SF:/home/ac/projects/shardline/crates/cli/src/bench/runner.rs
FN:96,_RNCNCNvNtNtCsk1gAxsC5djE_9shardline5bench6runner9run_bench00B9_
FN:775,_RNCNvNtNtCsk1gAxsC5djE_9shardline5bench6runner15ratio_per_mille0B7_
FN:776,_RNCNvNtNtCsk1gAxsC5djE_9shardline5bench6runner15ratio_per_milles_0B7_
FN:430,_RNCNvNtNtCsk1gAxsC5djE_9shardline5bench6runner16run_ingest_bench0B7_
FN:815,_RNCNvNtNtCsk1gAxsC5djE_9shardline5bench6runner17scaling_per_mille0B7_
FN:633,_RNCNvNtNtCsk1gAxsC5djE_9shardline5bench6runner23allocate_bench_run_root0B7_
FN:729,_RNCNvNtNtCsk1gAxsC5djE_9shardline5bench6runner25available_parallelism_u640B7_
FN:791,_RNCNvNtNtCsk1gAxsC5djE_9shardline5bench6runner26host_utilization_per_mille0B7_
FN:799,_RNCNvNtNtCsk1gAxsC5djE_9shardline5bench6runner26host_utilization_per_milles0_0B7_
FN:798,_RNCNvNtNtCsk1gAxsC5djE_9shardline5bench6runner26host_utilization_per_milles_0B7_
FN:32,_RNCNvNtNtCsk1gAxsC5djE_9shardline5bench6runner9run_bench0B7_
FN:691,_RNvNtNtCsk1gAxsC5djE_9shardline5bench6runner15checked_add_u32
FN:686,_RNvNtNtCsk1gAxsC5djE_9shardline5bench6runner15checked_add_u64
FN:702,_RNvNtNtCsk1gAxsC5djE_9shardline5bench6runner15checked_mul_u64
FN:682,_RNvNtNtCsk1gAxsC5djE_9shardline5bench6runner15duration_micros
FN:674,_RNvNtNtCsk1gAxsC5djE_9shardline5bench6runner15inventory_scope
FN:768,_RNvNtNtCsk1gAxsC5djE_9shardline5bench6runner15ratio_per_mille
FN:430,_RNvNtNtCsk1gAxsC5djE_9shardline5bench6runner16run_ingest_bench
FN:803,_RNvNtNtCsk1gAxsC5djE_9shardline5bench6runner17scaling_per_mille
FN:650,_RNvNtNtCsk1gAxsC5djE_9shardline5bench6runner18namespaced_file_id
FN:696,_RNvNtNtCsk1gAxsC5djE_9shardline5bench6runner19checked_average_u64
FN:646,_RNvNtNtCsk1gAxsC5djE_9shardline5bench6runner19iteration_namespace
FN:631,_RNvNtNtCsk1gAxsC5djE_9shardline5bench6runner23allocate_bench_run_root
FN:707,_RNvNtNtCsk1gAxsC5djE_9shardline5bench6runner24measured_iteration_count
FN:725,_RNvNtNtCsk1gAxsC5djE_9shardline5bench6runner25available_parallelism_u64
FN:733,_RNvNtNtCsk1gAxsC5djE_9shardline5bench6runner26capture_process_cpu_micros
FN:780,_RNvNtNtCsk1gAxsC5djE_9shardline5bench6runner26host_utilization_per_mille
FN:711,_RNvNtNtCsk1gAxsC5djE_9shardline5bench6runner27throughput_bytes_per_second
FN:754,_RNvNtNtCsk1gAxsC5djE_9shardline5bench6runner29read_schedstat_runtime_micros
FN:654,_RNvNtNtCsk1gAxsC5djE_9shardline5bench6runner33build_iteration_repository_scopes
FN:29,_RNvNtNtCsk1gAxsC5djE_9shardline5bench6runner9run_bench
FNDA:4,_RNCNCNvNtNtCsk1gAxsC5djE_9shardline5bench6runner9run_bench00B9_
FNDA:7,_RNCNvNtNtCsk1gAxsC5djE_9shardline5bench6runner15ratio_per_mille0B7_
FNDA:0,_RNCNvNtNtCsk1gAxsC5djE_9shardline5bench6runner15ratio_per_milles_0B7_
FNDA:2,_RNCNvNtNtCsk1gAxsC5djE_9shardline5bench6runner16run_ingest_bench0B7_
FNDA:7,_RNCNvNtNtCsk1gAxsC5djE_9shardline5bench6runner17scaling_per_mille0B7_
FNDA:4,_RNCNvNtNtCsk1gAxsC5djE_9shardline5bench6runner23allocate_bench_run_root0B7_
FNDA:12,_RNCNvNtNtCsk1gAxsC5djE_9shardline5bench6runner25available_parallelism_u640B7_
FNDA:0,_RNCNvNtNtCsk1gAxsC5djE_9shardline5bench6runner26host_utilization_per_mille0B7_
FNDA:0,_RNCNvNtNtCsk1gAxsC5djE_9shardline5bench6runner26host_utilization_per_milles0_0B7_
FNDA:6,_RNCNvNtNtCsk1gAxsC5djE_9shardline5bench6runner26host_utilization_per_milles_0B7_
FNDA:6,_RNCNvNtNtCsk1gAxsC5djE_9shardline5bench6runner9run_bench0B7_
FNDA:6,_RNvNtNtCsk1gAxsC5djE_9shardline5bench6runner15checked_add_u32
FNDA:192,_RNvNtNtCsk1gAxsC5djE_9shardline5bench6runner15checked_add_u64
FNDA:26,_RNvNtNtCsk1gAxsC5djE_9shardline5bench6runner15checked_mul_u64
FNDA:33,_RNvNtNtCsk1gAxsC5djE_9shardline5bench6runner15duration_micros
FNDA:4,_RNvNtNtCsk1gAxsC5djE_9shardline5bench6runner15inventory_scope
FNDA:9,_RNvNtNtCsk1gAxsC5djE_9shardline5bench6runner15ratio_per_mille
FNDA:2,_RNvNtNtCsk1gAxsC5djE_9shardline5bench6runner16run_ingest_bench
FNDA:9,_RNvNtNtCsk1gAxsC5djE_9shardline5bench6runner17scaling_per_mille
FNDA:12,_RNvNtNtCsk1gAxsC5djE_9shardline5bench6runner18namespaced_file_id
FNDA:61,_RNvNtNtCsk1gAxsC5djE_9shardline5bench6runner19checked_average_u64
FNDA:4,_RNvNtNtCsk1gAxsC5djE_9shardline5bench6runner19iteration_namespace
FNDA:4,_RNvNtNtCsk1gAxsC5djE_9shardline5bench6runner23allocate_bench_run_root
FNDA:22,_RNvNtNtCsk1gAxsC5djE_9shardline5bench6runner24measured_iteration_count
FNDA:12,_RNvNtNtCsk1gAxsC5djE_9shardline5bench6runner25available_parallelism_u64
FNDA:12,_RNvNtNtCsk1gAxsC5djE_9shardline5bench6runner26capture_process_cpu_micros
FNDA:7,_RNvNtNtCsk1gAxsC5djE_9shardline5bench6runner26host_utilization_per_mille
FNDA:35,_RNvNtNtCsk1gAxsC5djE_9shardline5bench6runner27throughput_bytes_per_second
FNDA:451,_RNvNtNtCsk1gAxsC5djE_9shardline5bench6runner29read_schedstat_runtime_micros
FNDA:4,_RNvNtNtCsk1gAxsC5djE_9shardline5bench6runner33build_iteration_repository_scopes
FNDA:6,_RNvNtNtCsk1gAxsC5djE_9shardline5bench6runner9run_bench
FNF:31
FNH:28
DA:29,6
DA:30,6
DA:31,6
DA:32,6
DA:33,6
DA:34,6
DA:35,6
DA:36,6
DA:37,6
DA:38,6
DA:39,6
DA:40,6
DA:42,6
DA:43,0
DA:44,6
DA:45,6
DA:46,1
DA:47,5
DA:48,5
DA:49,0
DA:50,5
DA:51,5
DA:52,0
DA:53,5
DA:54,5
DA:55,0
DA:56,5
DA:57,5
DA:58,1
DA:59,4
DA:61,4
DA:62,4
DA:63,4
DA:65,4
DA:66,4
DA:67,4
DA:68,4
DA:69,4
DA:70,4
DA:71,4
DA:72,0
DA:73,0
DA:74,0
DA:75,0
DA:78,4
DA:79,4
DA:80,4
DA:81,4
DA:83,4
DA:84,4
DA:85,4
DA:86,4
DA:87,4
DA:88,4
DA:89,4
DA:90,4
DA:91,4
DA:92,4
DA:94,4
DA:95,4
DA:96,4
DA:97,4
DA:98,4
DA:100,4
DA:101,4
DA:102,4
DA:103,4
DA:104,4
DA:105,4
DA:106,4
DA:107,4
DA:108,4
DA:109,4
DA:110,4
DA:111,4
DA:112,4
DA:113,4
DA:114,4
DA:115,4
DA:116,4
DA:117,4
DA:118,4
DA:119,4
DA:120,4
DA:121,4
DA:122,4
DA:123,4
DA:124,4
DA:125,4
DA:126,4
DA:127,4
DA:128,4
DA:129,4
DA:130,4
DA:132,4
DA:133,4
DA:134,4
DA:136,4
DA:137,4
DA:138,4
DA:139,4
DA:140,4
DA:141,4
DA:142,4
DA:143,4
DA:144,4
DA:145,4
DA:146,4
DA:147,4
DA:149,4
DA:150,4
DA:151,4
DA:152,0
DA:153,4
DA:154,4
DA:155,4
DA:156,0
DA:157,4
DA:158,4
DA:159,4
DA:160,0
DA:161,4
DA:162,4
DA:163,4
DA:164,0
DA:165,4
DA:166,4
DA:167,4
DA:168,0
DA:169,4
DA:170,4
DA:171,4
DA:172,0
DA:173,4
DA:174,4
DA:175,4
DA:176,0
DA:177,4
DA:178,4
DA:179,4
DA:180,0
DA:181,4
DA:182,4
DA:183,4
DA:184,0
DA:185,4
DA:186,4
DA:187,4
DA:188,0
DA:189,4
DA:191,4
DA:192,4
DA:193,4
DA:194,4
DA:195,0
DA:196,4
DA:197,4
DA:198,4
DA:199,0
DA:200,4
DA:201,4
DA:202,4
DA:203,0
DA:204,4
DA:205,4
DA:206,4
DA:207,0
DA:208,4
DA:209,4
DA:210,4
DA:211,0
DA:213,4
DA:214,4
DA:215,4
DA:216,4
DA:217,0
DA:218,4
DA:219,4
DA:220,4
DA:221,0
DA:222,4
DA:223,4
DA:224,4
DA:225,0
DA:226,4
DA:227,4
DA:228,4
DA:229,0
DA:230,4
DA:231,4
DA:232,4
DA:233,0
DA:234,4
DA:235,4
DA:236,4
DA:237,0
DA:238,4
DA:239,4
DA:240,4
DA:241,0
DA:243,4
DA:244,4
DA:245,4
DA:246,4
DA:247,0
DA:248,4
DA:249,4
DA:250,4
DA:251,0
DA:252,4
DA:253,4
DA:254,4
DA:255,3
DA:257,1
DA:259,0
DA:260,4
DA:263,4
DA:264,4
DA:265,4
DA:266,4
DA:267,4
DA:268,4
DA:269,0
DA:270,4
DA:271,4
DA:272,4
DA:273,0
DA:274,4
DA:275,4
DA:276,4
DA:277,0
DA:278,4
DA:279,4
DA:280,4
DA:281,0
DA:282,4
DA:283,4
DA:284,4
DA:285,4
DA:286,0
DA:287,4
DA:288,4
DA:289,4
DA:290,4
DA:291,4
DA:293,4
DA:294,4
DA:295,4
DA:296,4
DA:297,4
DA:299,4
DA:300,4
DA:301,4
DA:303,4
DA:304,4
DA:305,4
DA:307,4
DA:308,4
DA:309,4
DA:310,4
DA:311,4
DA:312,4
DA:313,4
DA:314,4
DA:315,4
DA:316,4
DA:317,4
DA:318,4
DA:319,4
DA:321,4
DA:322,4
DA:323,4
DA:324,0
DA:325,4
DA:326,4
DA:327,4
DA:328,0
DA:329,4
DA:330,4
DA:331,4
DA:332,0
DA:333,4
DA:334,4
DA:335,4
DA:336,0
DA:337,4
DA:338,4
DA:339,4
DA:340,0
DA:341,4
DA:342,4
DA:343,4
DA:344,0
DA:345,4
DA:346,4
DA:347,4
DA:348,0
DA:349,4
DA:350,4
DA:351,4
DA:352,0
DA:353,4
DA:354,4
DA:355,4
DA:356,0
DA:357,4
DA:358,4
DA:359,4
DA:360,0
DA:362,4
DA:363,4
DA:364,4
DA:365,4
DA:366,4
DA:367,4
DA:368,4
DA:369,4
DA:370,4
DA:371,4
DA:372,4
DA:373,4
DA:374,4
DA:375,4
DA:376,4
DA:377,4
DA:378,4
DA:379,4
DA:380,4
DA:381,4
DA:383,4
DA:384,4
DA:385,4
DA:386,4
DA:387,0
DA:388,4
DA:389,4
DA:390,4
DA:391,0
DA:393,4
DA:394,4
DA:395,4
DA:396,4
DA:397,4
DA:398,4
DA:399,4
DA:400,4
DA:401,4
DA:402,4
DA:403,4
DA:404,4
DA:405,4
DA:406,4
DA:407,4
DA:408,4
DA:409,4
DA:410,4
DA:411,4
DA:412,4
DA:413,4
DA:414,4
DA:415,4
DA:416,4
DA:417,4
DA:418,4
DA:419,4
DA:420,4
DA:421,4
DA:423,6
DA:430,2
DA:431,2
DA:432,2
DA:433,2
DA:434,2
DA:435,2
DA:436,2
DA:437,2
DA:439,2
DA:440,1
DA:441,1
DA:442,1
DA:443,0
DA:444,1
DA:445,1
DA:446,0
DA:447,1
DA:448,1
DA:449,0
DA:450,1
DA:451,1
DA:452,0
DA:453,1
DA:454,1
DA:455,0
DA:456,1
DA:457,1
DA:458,0
DA:459,1
DA:461,1
DA:462,1
DA:463,1
DA:464,1
DA:465,1
DA:466,1
DA:467,1
DA:468,1
DA:469,1
DA:470,1
DA:471,0
DA:472,1
DA:473,1
DA:474,1
DA:475,1
DA:476,1
DA:477,1
DA:478,1
DA:480,1
DA:481,1
DA:482,1
DA:483,1
DA:484,1
DA:485,1
DA:486,1
DA:487,1
DA:488,1
DA:489,1
DA:490,1
DA:491,1
DA:492,1
DA:493,1
DA:494,1
DA:496,1
DA:497,1
DA:498,1
DA:500,1
DA:501,1
DA:502,1
DA:503,1
DA:504,0
DA:505,1
DA:506,1
DA:507,1
DA:508,0
DA:509,1
DA:510,1
DA:511,1
DA:512,1
DA:513,0
DA:514,1
DA:515,1
DA:516,1
DA:517,0
DA:518,1
DA:519,1
DA:520,1
DA:521,0
DA:522,1
DA:523,1
DA:524,1
DA:525,0
DA:526,1
DA:527,1
DA:528,1
DA:529,0
DA:530,1
DA:531,1
DA:532,1
DA:533,0
DA:534,1
DA:535,1
DA:536,1
DA:537,0
DA:539,1
DA:540,1
DA:541,1
DA:542,1
DA:543,0
DA:544,1
DA:545,1
DA:546,1
DA:547,0
DA:548,1
DA:551,1
DA:552,1
DA:553,1
DA:554,1
DA:555,1
DA:556,1
DA:557,0
DA:558,1
DA:560,1
DA:561,1
DA:562,1
DA:563,1
DA:564,0
DA:565,1
DA:567,1
DA:568,1
DA:569,1
DA:571,1
DA:573,1
DA:574,1
DA:575,1
DA:576,1
DA:577,1
DA:578,1
DA:579,1
DA:580,1
DA:581,1
DA:582,1
DA:583,1
DA:584,0
DA:585,1
DA:586,1
DA:587,1
DA:588,0
DA:589,1
DA:590,1
DA:591,1
DA:592,0
DA:593,1
DA:594,1
DA:595,1
DA:596,1
DA:597,1
DA:598,1
DA:599,0
DA:600,1
DA:601,1
DA:602,1
DA:603,0
DA:604,1
DA:605,1
DA:606,1
DA:607,0
DA:608,1
DA:609,1
DA:610,1
DA:611,1
DA:612,0
DA:613,1
DA:614,1
DA:615,1
DA:616,0
DA:617,1
DA:618,1
DA:619,1
DA:620,1
DA:622,1
DA:623,1
DA:624,1
DA:625,1
DA:626,1
DA:627,1
DA:629,2
DA:631,4
DA:632,4
DA:633,4
DA:634,4
DA:636,5
DA:637,5
DA:638,1
DA:639,4
DA:640,0
DA:642,1
DA:644,4
DA:646,4
DA:647,4
DA:648,4
DA:650,12
DA:651,12
DA:652,12
DA:654,4
DA:655,4
DA:656,4
DA:657,4
DA:658,4
DA:659,4
DA:660,4
DA:661,4
DA:662,4
DA:663,4
DA:664,0
DA:665,4
DA:666,4
DA:667,4
DA:668,4
DA:669,4
DA:670,0
DA:671,4
DA:672,4
DA:674,4
DA:675,4
DA:676,4
DA:677,0
DA:678,0
DA:680,4
DA:682,33
DA:683,33
DA:684,33
DA:686,192
DA:687,192
DA:688,192
DA:689,192
DA:691,6
DA:692,6
DA:693,6
DA:694,6
DA:696,61
DA:697,61
DA:698,61
DA:699,61
DA:700,61
DA:702,26
DA:703,26
DA:704,26
DA:705,26
DA:707,22
DA:708,22
DA:709,22
DA:711,35
DA:712,35
DA:713,7
DA:714,28
DA:716,28
DA:717,28
DA:718,28
DA:719,28
DA:720,35
DA:725,12
DA:726,12
DA:727,12
DA:728,12
DA:729,12
DA:730,12
DA:731,12
DA:733,12
DA:734,12
DA:735,0
DA:738,12
DA:739,451
DA:740,451
DA:741,0
DA:743,451
DA:744,451
DA:747,12
DA:748,0
DA:750,12
DA:752,12
DA:754,451
DA:755,451
DA:756,68
DA:758,383
DA:759,0
DA:761,383
DA:762,0
DA:765,383
DA:766,451
DA:768,9
DA:769,9
DA:770,2
DA:771,7
DA:773,7
DA:774,7
DA:775,7
DA:776,7
DA:777,7
DA:778,9
DA:780,7
DA:781,7
DA:782,7
DA:783,7
DA:784,7
DA:785,7
DA:786,1
DA:787,6
DA:789,6
DA:790,6
DA:791,6
DA:792,6
DA:793,0
DA:794,6
DA:796,6
DA:797,6
DA:798,6
DA:799,6
DA:800,6
DA:801,7
DA:803,9
DA:804,9
DA:805,9
DA:806,9
DA:807,9
DA:808,9
DA:809,2
DA:810,7
DA:812,7
DA:813,7
DA:814,7
DA:815,7
DA:816,7
DA:817,9
BRF:0
BRH:0
LF:712
LH:620
end_of_record
SF:/home/ac/projects/shardline/crates/cli/src/bench/sparse.rs
FN:77,_RNCNvNtNtCsk1gAxsC5djE_9shardline5bench6sparse19build_worker_updates0_0B7_
FN:78,_RNCNvNtNtCsk1gAxsC5djE_9shardline5bench6sparse19build_worker_updates1_0B7_
FN:135,_RNCNvNtNtCsk1gAxsC5djE_9shardline5bench6sparse20build_mutation_range0B7_
FN:26,_RNCNvNtNtCsk1gAxsC5djE_9shardline5bench6sparse29build_concurrent_upload_cases0B7_
FN:53,_RNCNvNtNtCsk1gAxsC5djE_9shardline5bench6sparse36build_concurrent_ingest_upload_cases0B7_
FN:87,_RNvNtNtCsk1gAxsC5djE_9shardline5bench6sparse16build_base_asset
FN:97,_RNvNtNtCsk1gAxsC5djE_9shardline5bench6sparse19build_sparse_update
FN:60,_RNvNtNtCsk1gAxsC5djE_9shardline5bench6sparse19build_worker_update
FN:123,_RNvNtNtCsk1gAxsC5djE_9shardline5bench6sparse20build_mutation_range
FN:8,_RNvNtNtCsk1gAxsC5djE_9shardline5bench6sparse29build_concurrent_upload_cases
FN:143,_RNvNtNtCsk1gAxsC5djE_9shardline5bench6sparse29build_cross_repository_assets
FN:43,_RNvNtNtCsk1gAxsC5djE_9shardline5bench6sparse36build_concurrent_ingest_upload_cases
FNDA:44,_RNCNvNtNtCsk1gAxsC5djE_9shardline5bench6sparse19build_worker_updates0_0B7_
FNDA:44,_RNCNvNtNtCsk1gAxsC5djE_9shardline5bench6sparse19build_worker_updates1_0B7_
FNDA:4,_RNCNvNtNtCsk1gAxsC5djE_9shardline5bench6sparse20build_mutation_range0B7_
FNDA:11,_RNCNvNtNtCsk1gAxsC5djE_9shardline5bench6sparse29build_concurrent_upload_cases0B7_
FNDA:2,_RNCNvNtNtCsk1gAxsC5djE_9shardline5bench6sparse36build_concurrent_ingest_upload_cases0B7_
FNDA:7,_RNvNtNtCsk1gAxsC5djE_9shardline5bench6sparse16build_base_asset
FNDA:6,_RNvNtNtCsk1gAxsC5djE_9shardline5bench6sparse19build_sparse_update
FNDA:11,_RNvNtNtCsk1gAxsC5djE_9shardline5bench6sparse19build_worker_update
FNDA:4,_RNvNtNtCsk1gAxsC5djE_9shardline5bench6sparse20build_mutation_range
FNDA:6,_RNvNtNtCsk1gAxsC5djE_9shardline5bench6sparse29build_concurrent_upload_cases
FNDA:4,_RNvNtNtCsk1gAxsC5djE_9shardline5bench6sparse29build_cross_repository_assets
FNDA:1,_RNvNtNtCsk1gAxsC5djE_9shardline5bench6sparse36build_concurrent_ingest_upload_cases
FNF:12
FNH:12
DA:8,6
DA:9,6
DA:10,6
DA:11,6
DA:12,6
DA:13,6
DA:14,6
DA:15,6
DA:16,11
DA:17,11
DA:18,11
DA:19,11
DA:20,11
DA:21,11
DA:22,11
DA:23,11
DA:24,11
DA:25,11
DA:26,11
DA:27,11
DA:28,11
DA:29,11
DA:30,11
DA:31,11
DA:33,11
DA:34,11
DA:35,11
DA:36,11
DA:37,11
DA:40,6
DA:41,6
DA:43,1
DA:44,1
DA:45,1
DA:46,1
DA:47,1
DA:48,1
DA:49,1
DA:50,1
DA:51,1
DA:52,1
DA:53,2
DA:54,2
DA:55,2
DA:56,1
DA:57,1
DA:58,1
DA:60,11
DA:61,11
DA:62,11
DA:63,11
DA:64,11
DA:65,11
DA:66,11
DA:67,11
DA:68,11
DA:69,11
DA:70,11
DA:71,11
DA:72,11
DA:73,11
DA:74,44
DA:75,44
DA:76,44
DA:77,44
DA:78,44
DA:79,44
DA:80,44
DA:81,44
DA:84,11
DA:85,11
DA:87,7
DA:88,7
DA:89,200
DA:90,200
DA:91,200
DA:94,7
DA:95,7
DA:97,6
DA:98,6
DA:99,6
DA:100,6
DA:101,6
DA:102,6
DA:103,6
DA:104,6
DA:105,6
DA:106,6
DA:107,6
DA:108,6
DA:109,6
DA:110,6
DA:111,6
DA:112,6
DA:113,6
DA:114,6
DA:115,36
DA:116,36
DA:117,36
DA:120,6
DA:121,6
DA:123,4
DA:124,4
DA:125,4
DA:126,4
DA:127,4
DA:128,4
DA:129,4
DA:130,4
DA:131,4
DA:132,4
DA:133,4
DA:134,4
DA:135,4
DA:136,4
DA:137,4
DA:138,4
DA:140,4
DA:141,4
DA:143,4
DA:144,4
DA:145,4
DA:146,4
DA:147,4
DA:148,4
DA:149,4
DA:150,4
DA:151,4
DA:152,4
DA:154,4
DA:155,4
DA:156,4
DA:157,4
DA:158,4
DA:159,4
DA:160,4
DA:161,4
DA:162,4
DA:164,4
DA:165,4
BRF:0
BRH:0
LF:144
LH:144
end_of_record
SF:/home/ac/projects/shardline/crates/cli/src/bench/types.rs
FN:903,_RNCNvMs3_NtNtCsk1gAxsC5djE_9shardline5bench5typesNtB7_17BenchBackendSetup14create_backend0Bb_
FN:650,_RNvMs0_NtNtCsk1gAxsC5djE_9shardline5bench5typesNtB5_13BenchScenario15supports_ingest
FN:897,_RNvMs3_NtNtCsk1gAxsC5djE_9shardline5bench5typesNtB5_17BenchBackendSetup14create_backend
FN:228,_RNvMNtNtCsk1gAxsC5djE_9shardline5bench5typesNtB2_11BenchReport13print_summary
FN:634,_RNvMs0_NtNtCsk1gAxsC5djE_9shardline5bench5typesNtB5_13BenchScenario6as_str
FN:671,_RNvMs1_NtNtCsk1gAxsC5djE_9shardline5bench5typesNtB5_21BenchDeploymentTarget6as_str
FN:694,_RNvMs2_NtNtCsk1gAxsC5djE_9shardline5bench5typesNtB5_19BenchInventoryScope6as_str
FN:516,_RNvMs_NtNtCsk1gAxsC5djE_9shardline5bench5typesNtB4_17IngestBenchReport13print_summary
FNDA:4,_RNCNvMs3_NtNtCsk1gAxsC5djE_9shardline5bench5typesNtB7_17BenchBackendSetup14create_backend0Bb_
FNDA:2,_RNvMs0_NtNtCsk1gAxsC5djE_9shardline5bench5typesNtB5_13BenchScenario15supports_ingest
FNDA:4,_RNvMs3_NtNtCsk1gAxsC5djE_9shardline5bench5typesNtB5_17BenchBackendSetup14create_backend
FNDA:0,_RNvMNtNtCsk1gAxsC5djE_9shardline5bench5typesNtB2_11BenchReport13print_summary
FNDA:0,_RNvMs0_NtNtCsk1gAxsC5djE_9shardline5bench5typesNtB5_13BenchScenario6as_str
FNDA:0,_RNvMs1_NtNtCsk1gAxsC5djE_9shardline5bench5typesNtB5_21BenchDeploymentTarget6as_str
FNDA:0,_RNvMs2_NtNtCsk1gAxsC5djE_9shardline5bench5typesNtB5_19BenchInventoryScope6as_str
FNDA:0,_RNvMs_NtNtCsk1gAxsC5djE_9shardline5bench5typesNtB4_17IngestBenchReport13print_summary
FNF:8
FNH:3
DA:228,0
DA:229,0
DA:230,0
DA:231,0
DA:232,0
DA:233,0
DA:234,0
DA:235,0
DA:236,0
DA:237,0
DA:238,0
DA:239,0
DA:240,0
DA:241,0
DA:242,0
DA:243,0
DA:244,0
DA:245,0
DA:249,0
DA:250,0
DA:251,0
DA:252,0
DA:253,0
DA:257,0
DA:261,0
DA:265,0
DA:269,0
DA:273,0
DA:277,0
DA:281,0
DA:285,0
DA:289,0
DA:293,0
DA:297,0
DA:301,0
DA:305,0
DA:309,0
DA:314,0
DA:318,0
DA:322,0
DA:327,0
DA:331,0
DA:336,0
DA:341,0
DA:345,0
DA:349,0
DA:350,0
DA:354,0
DA:358,0
DA:359,0
DA:363,0
DA:367,0
DA:371,0
DA:375,0
DA:379,0
DA:383,0
DA:387,0
DA:391,0
DA:395,0
DA:399,0
DA:403,0
DA:407,0
DA:408,0
DA:409,0
DA:410,0
DA:411,0
DA:412,0
DA:413,0
DA:414,0
DA:415,0
DA:416,0
DA:417,0
DA:418,0
DA:516,0
DA:517,0
DA:518,0
DA:519,0
DA:520,0
DA:521,0
DA:522,0
DA:523,0
DA:524,0
DA:525,0
DA:529,0
DA:530,0
DA:531,0
DA:532,0
DA:533,0
DA:537,0
DA:541,0
DA:545,0
DA:549,0
DA:553,0
DA:557,0
DA:561,0
DA:565,0
DA:569,0
DA:573,0
DA:577,0
DA:581,0
DA:585,0
DA:586,0
DA:590,0
DA:594,0
DA:598,0
DA:602,0
DA:634,0
DA:635,0
DA:636,0
DA:637,0
DA:638,0
DA:639,0
DA:640,0
DA:641,0
DA:642,0
DA:643,0
DA:644,0
DA:645,0
DA:647,0
DA:650,2
DA:651,1
DA:652,2
DA:655,2
DA:671,0
DA:672,0
DA:673,0
DA:674,0
DA:676,0
DA:694,0
DA:695,0
DA:696,0
DA:697,0
DA:698,0
DA:700,0
DA:897,4
DA:898,4
DA:899,4
DA:900,4
DA:901,4
DA:902,4
DA:903,4
DA:904,4
DA:905,4
DA:906,4
DA:907,4
DA:908,4
DA:909,4
DA:910,4
DA:911,4
DA:912,0
DA:913,0
DA:914,0
DA:915,0
DA:916,0
DA:917,0
DA:918,0
DA:919,0
DA:920,0
DA:921,0
DA:922,0
DA:923,0
DA:924,0
DA:927,4
BRF:0
BRH:0
LF:164
LH:21
end_of_record
SF:/home/ac/projects/shardline/crates/cli/src/command.rs
FN:930,_RINvMs0_NtCsk1gAxsC5djE_9shardline7commandNtB6_10CliCommand5parseINtNtCsauO83Ko6oyK_5alloc3vec3VecNtNtB16_6string6StringEB1y_EB8_
FN:977,_RINvMs1_NtCsk1gAxsC5djE_9shardline7commandNtB6_13CliParseError10validationReEB8_
FN:1224,_RINvNtCsk1gAxsC5djE_9shardline7command26deduplicated_cli_frontendsINtNtCsauO83Ko6oyK_5alloc3vec3VecNtNtNtCsSfmMbOJAC8_21shardline_server_core15server_frontend8frontend14ServerFrontendEEB4_
FN:1224,_RINvNtCsk1gAxsC5djE_9shardline7command26deduplicated_cli_frontendsINtNtNtNtCs4kUJL3MZFFz_4core4iter8adapters3map3MapINtNtNtCsauO83Ko6oyK_5alloc3vec9into_iter8IntoIterNtB2_17CliServerFrontendENvYB2E_INtNtB1b_7convert4IntoNtNtNtCsSfmMbOJAC8_21shardline_server_core15server_frontend8frontend14ServerFrontendE4intoEEB4_
FN:1220,_RNCNvNtCsk1gAxsC5djE_9shardline7command20parse_positive_usize0B5_
FN:1221,_RNCNvNtCsk1gAxsC5djE_9shardline7command20parse_positive_usizes_0B5_
FN:19,_RNvMNtCsk1gAxsC5djE_9shardline7commandNtB2_13RedactedDbUrl6as_str
FN:946,_RNvMs0_NtCsk1gAxsC5djE_9shardline7commandNtB5_10CliCommand9help_text
FN:962,_RNvMs1_NtCsk1gAxsC5djE_9shardline7commandNtB5_13CliParseError4kind
FN:968,_RNvMs1_NtCsk1gAxsC5djE_9shardline7commandNtB5_13CliParseError7is_help
FN:1217,_RNvNtCsk1gAxsC5djE_9shardline7command20parse_positive_usize
FN:1161,_RNvNtCsk1gAxsC5djE_9shardline7command22cli_definition_command
FN:986,_RNvXs2_NtCsk1gAxsC5djE_9shardline7commandNtB5_13CliParseErrorINtNtCs4kUJL3MZFFz_4core7convert4FromNtNtCscI0ZnnkGQpj_12clap_builder5error5ErrorE4from
FN:997,_RNvXs3_NtCsk1gAxsC5djE_9shardline7commandNtB5_10CliCommandINtNtCs4kUJL3MZFFz_4core7convert7TryFromNtB5_13CliDefinitionE8try_from
FN:1209,_RNvXs8_NtCsk1gAxsC5djE_9shardline7commandNtNtNtCsaZs4cMQqMpJ_16shardline_server6config5types20ObjectStorageAdapterINtNtCs4kUJL3MZFFz_4core7convert4FromNtB5_23CliObjectStorageAdapterE4from
FN:25,_RNvXs_NtCsk1gAxsC5djE_9shardline7commandNtB4_13RedactedDbUrlNtNtCs4kUJL3MZFFz_4core3fmt5Debug3fmt
FN:1166,_RNvXs4_NtCsk1gAxsC5djE_9shardline7commandNtNtCsaZs4cMQqMpJ_16shardline_server11server_role10ServerRoleINtNtCs4kUJL3MZFFz_4core7convert4FromNtB5_13CliServerRoleE4from
FN:1188,_RNvXs6_NtCsk1gAxsC5djE_9shardline7commandNtNtCs1EfNRvgrhII_18shardline_protocol5token10TokenScopeINtNtCs4kUJL3MZFFz_4core7convert4FromNtB5_13CliTokenScopeE4from
FN:1197,_RNvXs7_NtCsk1gAxsC5djE_9shardline7commandNtNtCs1EfNRvgrhII_18shardline_protocol5token18RepositoryProviderINtNtCs4kUJL3MZFFz_4core7convert4FromNtB5_21CliRepositoryProviderE4from
FN:1422,_RNvNtNtCsk1gAxsC5djE_9shardline7command5testss_10parse_fsck
FN:2030,_RNvNtNtCsk1gAxsC5djE_9shardline7command5testss_12parse_health
FN:2066,_RNvNtNtCsk1gAxsC5djE_9shardline7command5testss_13parse_manpage
FN:1791,_RNvNtNtCsk1gAxsC5djE_9shardline7command5testss_14parse_hold_set
FN:1818,_RNvNtNtCsk1gAxsC5djE_9shardline7command5testss_15parse_hold_list
FN:2047,_RNvNtNtCsk1gAxsC5djE_9shardline7command5testss_16parse_completion
FN:2094,_RNvNtNtCsk1gAxsC5djE_9shardline7command5testss_17parse_admin_token
FN:2083,_RNvNtNtCsk1gAxsC5djE_9shardline7command5testss_18parse_config_check
FN:1264,_RNvNtNtCsk1gAxsC5djE_9shardline7command5testss_18parse_help_aliases
FN:1838,_RNvNtNtCsk1gAxsC5djE_9shardline7command5testss_18parse_hold_release
FN:1648,_RNvNtNtCsk1gAxsC5djE_9shardline7command5testss_19parse_db_migrate_up
FN:1446,_RNvNtNtCsk1gAxsC5djE_9shardline7command5testss_19parse_index_rebuild
FN:2312,_RNvNtNtCsk1gAxsC5djE_9shardline7command5testss_20cli_parse_error_kind
FN:1610,_RNvNtNtCsk1gAxsC5djE_9shardline7command5testss_21parse_backup_manifest
FN:1364,_RNvNtNtCsk1gAxsC5djE_9shardline7command5testss_21parse_serve_with_role
FN:1735,_RNvNtNtCsk1gAxsC5djE_9shardline7command5testss_21parse_storage_migrate
FN:2286,_RNvNtNtCsk1gAxsC5djE_9shardline7command5testss_21redacted_db_url_clone
FN:1251,_RNvNtNtCsk1gAxsC5djE_9shardline7command5testss_22parse_defaults_to_help
FN:1464,_RNvNtNtCsk1gAxsC5djE_9shardline7command5testss_22parse_repair_lifecycle
FN:1693,_RNvNtNtCsk1gAxsC5djE_9shardline7command5testss_23parse_db_migrate_status
FN:1320,_RNvNtNtCsk1gAxsC5djE_9shardline7command5testss_24parse_top_level_commands
FN:1544,_RNvNtNtCsk1gAxsC5djE_9shardline7command5testss_25parse_gc_schedule_install
FN:1765,_RNvNtNtCsk1gAxsC5djE_9shardline7command5testss_26parse_gc_with_export_paths
FN:1382,_RNvNtNtCsk1gAxsC5djE_9shardline7command5testss_26parse_serve_with_frontends
FN:2293,_RNvNtNtCsk1gAxsC5djE_9shardline7command5testss_26redacted_db_url_partial_eq
FN:1588,_RNvNtNtCsk1gAxsC5djE_9shardline7command5testss_27parse_gc_schedule_uninstall
FN:2174,_RNvNtNtCsk1gAxsC5djE_9shardline7command5testss_29parse_rejects_unknown_command
FN:2135,_RNvNtNtCsk1gAxsC5djE_9shardline7command5testss_30parse_admin_token_with_key_env
FN:2351,_RNvNtNtCsk1gAxsC5djE_9shardline7command5testss_31cli_parse_error_from_clap_error
FN:2271,_RNvNtNtCsk1gAxsC5djE_9shardline7command5testss_31redacted_db_url_debug_hides_url
FN:1281,_RNvNtNtCsk1gAxsC5djE_9shardline7command5testss_32help_text_is_generated_from_clap
FN:1439,_RNvNtNtCsk1gAxsC5djE_9shardline7command5testss_32parse_fsck_without_root_override
FN:1859,_RNvNtNtCsk1gAxsC5djE_9shardline7command5testss_33parse_bench_with_explicit_options
FN:1959,_RNvNtNtCsk1gAxsC5djE_9shardline7command5testss_33parse_bench_with_focused_scenario
FN:2214,_RNvNtNtCsk1gAxsC5djE_9shardline7command5testss_33parse_positive_usize_rejects_zero
FN:1711,_RNvNtNtCsk1gAxsC5djE_9shardline7command5testss_35parse_db_migrate_rejects_zero_steps
FN:1400,_RNvNtNtCsk1gAxsC5djE_9shardline7command5testss_35parse_serve_with_multiple_frontends
FN:1631,_RNvNtNtCsk1gAxsC5djE_9shardline7command5testss_37parse_backup_manifest_requires_output
FN:1928,_RNvNtNtCsk1gAxsC5djE_9shardline7command5testss_38parse_ingest_bench_without_storage_dir
FN:1498,_RNvNtNtCsk1gAxsC5djE_9shardline7command5testss_38parse_repair_orchestrator_with_options
FN:1485,_RNvNtNtCsk1gAxsC5djE_9shardline7command5testss_39parse_repair_orchestrator_with_defaults
FN:2279,_RNvNtNtCsk1gAxsC5djE_9shardline7command5testss_39redacted_db_url_as_str_returns_original
FN:2302,_RNvNtNtCsk1gAxsC5djE_9shardline7command5testss_40cli_parse_error_display_contains_message
FN:2220,_RNvNtNtCsk1gAxsC5djE_9shardline7command5testss_40parse_positive_usize_rejects_non_numeric
FN:2187,_RNvNtNtCsk1gAxsC5djE_9shardline7command5testss_40parse_rejects_incomplete_nested_commands
FN:2208,_RNvNtNtCsk1gAxsC5djE_9shardline7command5testss_44parse_positive_usize_accepts_positive_number
FN:2226,_RNvNtNtCsk1gAxsC5djE_9shardline7command5testss_44parse_positive_usize_rejects_negative_number
FN:2342,_RNvNtNtCsk1gAxsC5djE_9shardline7command5testss_45cli_parse_error_is_help_false_for_other_kinds
FN:2324,_RNvNtNtCsk1gAxsC5djE_9shardline7command5testss_45cli_parse_error_is_help_true_for_display_help
FN:2234,_RNvNtNtCsk1gAxsC5djE_9shardline7command5testss_45deduplicated_cli_frontends_removes_duplicates
FN:2017,_RNvNtNtCsk1gAxsC5djE_9shardline7command5testss_45parse_bench_requires_storage_dir_for_e2e_mode
FN:1899,_RNvNtNtCsk1gAxsC5djE_9shardline7command5testss_45parse_bench_with_configured_deployment_target
FN:2263,_RNvNtNtCsk1gAxsC5djE_9shardline7command5testss_46deduplicated_cli_frontends_handles_empty_input
FN:1988,_RNvNtNtCsk1gAxsC5djE_9shardline7command5testss_47parse_bench_with_cached_reconstruction_scenario
FN:2333,_RNvNtNtCsk1gAxsC5djE_9shardline7command5testss_48cli_parse_error_is_help_true_for_display_version
FN:1672,_RNvNtNtCsk1gAxsC5djE_9shardline7command5testss_50cli_command_debug_redacts_database_url_credentials
FN:1296,_RNvNtNtCsk1gAxsC5djE_9shardline7command5testss_53nested_help_includes_examples_for_gc_schedule_install
FN:2251,_RNvNtNtCsk1gAxsC5djE_9shardline7command5testss_56deduplicated_cli_frontends_preserves_order_of_first_seen
FN:1518,_RNvNtNtCsk1gAxsC5djE_9shardline7command5testss_8parse_gc
FN:1176,_RNvXs5_NtCsk1gAxsC5djE_9shardline7commandNtNtNtCsSfmMbOJAC8_21shardline_server_core15server_frontend8frontend14ServerFrontendINtNtCs4kUJL3MZFFz_4core7convert4FromNtB5_17CliServerFrontendE4from
FNDA:47,_RINvMs0_NtCsk1gAxsC5djE_9shardline7commandNtB6_10CliCommand5parseINtNtCsauO83Ko6oyK_5alloc3vec3VecNtNtB16_6string6StringEB1y_EB8_
FNDA:6,_RINvMs1_NtCsk1gAxsC5djE_9shardline7commandNtB6_13CliParseError10validationReEB8_
FNDA:3,_RINvNtCsk1gAxsC5djE_9shardline7command26deduplicated_cli_frontendsINtNtCsauO83Ko6oyK_5alloc3vec3VecNtNtNtCsSfmMbOJAC8_21shardline_server_core15server_frontend8frontend14ServerFrontendEEB4_
FNDA:2,_RINvNtCsk1gAxsC5djE_9shardline7command26deduplicated_cli_frontendsINtNtNtNtCs4kUJL3MZFFz_4core4iter8adapters3map3MapINtNtNtCsauO83Ko6oyK_5alloc3vec9into_iter8IntoIterNtB2_17CliServerFrontendENvYB2E_INtNtB1b_7convert4IntoNtNtNtCsSfmMbOJAC8_21shardline_server_core15server_frontend8frontend14ServerFrontendE4intoEEB4_
FNDA:2,_RNCNvNtCsk1gAxsC5djE_9shardline7command20parse_positive_usize0B5_
FNDA:2,_RNCNvNtCsk1gAxsC5djE_9shardline7command20parse_positive_usizes_0B5_
FNDA:2,_RNvMNtCsk1gAxsC5djE_9shardline7commandNtB2_13RedactedDbUrl6as_str
FNDA:1,_RNvMs0_NtCsk1gAxsC5djE_9shardline7commandNtB5_10CliCommand9help_text
FNDA:8,_RNvMs1_NtCsk1gAxsC5djE_9shardline7commandNtB5_13CliParseError4kind
FNDA:8,_RNvMs1_NtCsk1gAxsC5djE_9shardline7commandNtB5_13CliParseError7is_help
FNDA:6,_RNvNtCsk1gAxsC5djE_9shardline7command20parse_positive_usize
FNDA:3,_RNvNtCsk1gAxsC5djE_9shardline7command22cli_definition_command
FNDA:12,_RNvXs2_NtCsk1gAxsC5djE_9shardline7commandNtB5_13CliParseErrorINtNtCs4kUJL3MZFFz_4core7convert4FromNtNtCscI0ZnnkGQpj_12clap_builder5error5ErrorE4from
FNDA:36,_RNvXs3_NtCsk1gAxsC5djE_9shardline7commandNtB5_10CliCommandINtNtCs4kUJL3MZFFz_4core7convert7TryFromNtB5_13CliDefinitionE8try_from
FNDA:2,_RNvXs8_NtCsk1gAxsC5djE_9shardline7commandNtNtNtCsaZs4cMQqMpJ_16shardline_server6config5types20ObjectStorageAdapterINtNtCs4kUJL3MZFFz_4core7convert4FromNtB5_23CliObjectStorageAdapterE4from
FNDA:2,_RNvXs_NtCsk1gAxsC5djE_9shardline7commandNtB4_13RedactedDbUrlNtNtCs4kUJL3MZFFz_4core3fmt5Debug3fmt
FNDA:1,_RNvXs4_NtCsk1gAxsC5djE_9shardline7commandNtNtCsaZs4cMQqMpJ_16shardline_server11server_role10ServerRoleINtNtCs4kUJL3MZFFz_4core7convert4FromNtB5_13CliServerRoleE4from
FNDA:2,_RNvXs6_NtCsk1gAxsC5djE_9shardline7commandNtNtCs1EfNRvgrhII_18shardline_protocol5token10TokenScopeINtNtCs4kUJL3MZFFz_4core7convert4FromNtB5_13CliTokenScopeE4from
FNDA:2,_RNvXs7_NtCsk1gAxsC5djE_9shardline7commandNtNtCs1EfNRvgrhII_18shardline_protocol5token18RepositoryProviderINtNtCs4kUJL3MZFFz_4core7convert4FromNtB5_21CliRepositoryProviderE4from
FNDA:1,_RNvNtNtCsk1gAxsC5djE_9shardline7command5testss_10parse_fsck
FNDA:1,_RNvNtNtCsk1gAxsC5djE_9shardline7command5testss_12parse_health
FNDA:1,_RNvNtNtCsk1gAxsC5djE_9shardline7command5testss_13parse_manpage
FNDA:1,_RNvNtNtCsk1gAxsC5djE_9shardline7command5testss_14parse_hold_set
FNDA:1,_RNvNtNtCsk1gAxsC5djE_9shardline7command5testss_15parse_hold_list
FNDA:1,_RNvNtNtCsk1gAxsC5djE_9shardline7command5testss_16parse_completion
FNDA:1,_RNvNtNtCsk1gAxsC5djE_9shardline7command5testss_17parse_admin_token
FNDA:1,_RNvNtNtCsk1gAxsC5djE_9shardline7command5testss_18parse_config_check
FNDA:1,_RNvNtNtCsk1gAxsC5djE_9shardline7command5testss_18parse_help_aliases
FNDA:1,_RNvNtNtCsk1gAxsC5djE_9shardline7command5testss_18parse_hold_release
FNDA:1,_RNvNtNtCsk1gAxsC5djE_9shardline7command5testss_19parse_db_migrate_up
FNDA:1,_RNvNtNtCsk1gAxsC5djE_9shardline7command5testss_19parse_index_rebuild
FNDA:1,_RNvNtNtCsk1gAxsC5djE_9shardline7command5testss_20cli_parse_error_kind
FNDA:1,_RNvNtNtCsk1gAxsC5djE_9shardline7command5testss_21parse_backup_manifest
FNDA:1,_RNvNtNtCsk1gAxsC5djE_9shardline7command5testss_21parse_serve_with_role
FNDA:1,_RNvNtNtCsk1gAxsC5djE_9shardline7command5testss_21parse_storage_migrate
FNDA:1,_RNvNtNtCsk1gAxsC5djE_9shardline7command5testss_21redacted_db_url_clone
FNDA:1,_RNvNtNtCsk1gAxsC5djE_9shardline7command5testss_22parse_defaults_to_help
FNDA:1,_RNvNtNtCsk1gAxsC5djE_9shardline7command5testss_22parse_repair_lifecycle
FNDA:1,_RNvNtNtCsk1gAxsC5djE_9shardline7command5testss_23parse_db_migrate_status
FNDA:1,_RNvNtNtCsk1gAxsC5djE_9shardline7command5testss_24parse_top_level_commands
FNDA:1,_RNvNtNtCsk1gAxsC5djE_9shardline7command5testss_25parse_gc_schedule_install
FNDA:1,_RNvNtNtCsk1gAxsC5djE_9shardline7command5testss_26parse_gc_with_export_paths
FNDA:1,_RNvNtNtCsk1gAxsC5djE_9shardline7command5testss_26parse_serve_with_frontends
FNDA:1,_RNvNtNtCsk1gAxsC5djE_9shardline7command5testss_26redacted_db_url_partial_eq
FNDA:1,_RNvNtNtCsk1gAxsC5djE_9shardline7command5testss_27parse_gc_schedule_uninstall
FNDA:1,_RNvNtNtCsk1gAxsC5djE_9shardline7command5testss_29parse_rejects_unknown_command
FNDA:1,_RNvNtNtCsk1gAxsC5djE_9shardline7command5testss_30parse_admin_token_with_key_env
FNDA:1,_RNvNtNtCsk1gAxsC5djE_9shardline7command5testss_31cli_parse_error_from_clap_error
FNDA:1,_RNvNtNtCsk1gAxsC5djE_9shardline7command5testss_31redacted_db_url_debug_hides_url
FNDA:1,_RNvNtNtCsk1gAxsC5djE_9shardline7command5testss_32help_text_is_generated_from_clap
FNDA:1,_RNvNtNtCsk1gAxsC5djE_9shardline7command5testss_32parse_fsck_without_root_override
FNDA:1,_RNvNtNtCsk1gAxsC5djE_9shardline7command5testss_33parse_bench_with_explicit_options
FNDA:1,_RNvNtNtCsk1gAxsC5djE_9shardline7command5testss_33parse_bench_with_focused_scenario
FNDA:1,_RNvNtNtCsk1gAxsC5djE_9shardline7command5testss_33parse_positive_usize_rejects_zero
FNDA:1,_RNvNtNtCsk1gAxsC5djE_9shardline7command5testss_35parse_db_migrate_rejects_zero_steps
FNDA:1,_RNvNtNtCsk1gAxsC5djE_9shardline7command5testss_35parse_serve_with_multiple_frontends
FNDA:1,_RNvNtNtCsk1gAxsC5djE_9shardline7command5testss_37parse_backup_manifest_requires_output
FNDA:1,_RNvNtNtCsk1gAxsC5djE_9shardline7command5testss_38parse_ingest_bench_without_storage_dir
FNDA:1,_RNvNtNtCsk1gAxsC5djE_9shardline7command5testss_38parse_repair_orchestrator_with_options
FNDA:1,_RNvNtNtCsk1gAxsC5djE_9shardline7command5testss_39parse_repair_orchestrator_with_defaults
FNDA:1,_RNvNtNtCsk1gAxsC5djE_9shardline7command5testss_39redacted_db_url_as_str_returns_original
FNDA:1,_RNvNtNtCsk1gAxsC5djE_9shardline7command5testss_40cli_parse_error_display_contains_message
FNDA:1,_RNvNtNtCsk1gAxsC5djE_9shardline7command5testss_40parse_positive_usize_rejects_non_numeric
FNDA:1,_RNvNtNtCsk1gAxsC5djE_9shardline7command5testss_40parse_rejects_incomplete_nested_commands
FNDA:1,_RNvNtNtCsk1gAxsC5djE_9shardline7command5testss_44parse_positive_usize_accepts_positive_number
FNDA:1,_RNvNtNtCsk1gAxsC5djE_9shardline7command5testss_44parse_positive_usize_rejects_negative_number
FNDA:1,_RNvNtNtCsk1gAxsC5djE_9shardline7command5testss_45cli_parse_error_is_help_false_for_other_kinds
FNDA:1,_RNvNtNtCsk1gAxsC5djE_9shardline7command5testss_45cli_parse_error_is_help_true_for_display_help
FNDA:1,_RNvNtNtCsk1gAxsC5djE_9shardline7command5testss_45deduplicated_cli_frontends_removes_duplicates
FNDA:1,_RNvNtNtCsk1gAxsC5djE_9shardline7command5testss_45parse_bench_requires_storage_dir_for_e2e_mode
FNDA:1,_RNvNtNtCsk1gAxsC5djE_9shardline7command5testss_45parse_bench_with_configured_deployment_target
FNDA:1,_RNvNtNtCsk1gAxsC5djE_9shardline7command5testss_46deduplicated_cli_frontends_handles_empty_input
FNDA:1,_RNvNtNtCsk1gAxsC5djE_9shardline7command5testss_47parse_bench_with_cached_reconstruction_scenario
FNDA:1,_RNvNtNtCsk1gAxsC5djE_9shardline7command5testss_48cli_parse_error_is_help_true_for_display_version
FNDA:1,_RNvNtNtCsk1gAxsC5djE_9shardline7command5testss_50cli_command_debug_redacts_database_url_credentials
FNDA:1,_RNvNtNtCsk1gAxsC5djE_9shardline7command5testss_53nested_help_includes_examples_for_gc_schedule_install
FNDA:1,_RNvNtNtCsk1gAxsC5djE_9shardline7command5testss_56deduplicated_cli_frontends_preserves_order_of_first_seen
FNDA:1,_RNvNtNtCsk1gAxsC5djE_9shardline7command5testss_8parse_gc
FNDA:5,_RNvXs5_NtCsk1gAxsC5djE_9shardline7commandNtNtNtCsSfmMbOJAC8_21shardline_server_core15server_frontend8frontend14ServerFrontendINtNtCs4kUJL3MZFFz_4core7convert4FromNtB5_17CliServerFrontendE4from
FNF:78
FNH:78
DA:19,2
DA:20,2
DA:21,2
DA:25,2
DA:26,2
DA:27,2
DA:930,47
DA:931,47
DA:932,47
DA:933,47
DA:935,47
DA:936,47
DA:937,0
DA:938,47
DA:940,47
DA:941,36
DA:942,47
DA:946,1
DA:947,1
DA:948,1
DA:962,8
DA:963,8
DA:964,8
DA:968,8
DA:969,1
DA:970,8
DA:975,8
DA:977,6
DA:978,6
DA:979,6
DA:980,6
DA:981,6
DA:982,6
DA:986,12
DA:987,12
DA:988,12
DA:989,12
DA:990,12
DA:991,12
DA:997,36
DA:998,36
DA:999,1
DA:1000,1
DA:1002,4
DA:1003,4
DA:1004,4
DA:1005,2
DA:1007,2
DA:1008,2
DA:1009,2
DA:1012,1
DA:1013,1
DA:1015,3
DA:1016,3
DA:1017,2
DA:1018,2
DA:1019,2
DA:1020,2
DA:1021,2
DA:1022,2
DA:1023,0
DA:1024,0
DA:1025,0
DA:1026,0
DA:1027,0
DA:1028,0
DA:1029,1
DA:1030,1
DA:1031,1
DA:1032,1
DA:1035,2
DA:1036,2
DA:1037,2
DA:1038,2
DA:1039,2
DA:1040,2
DA:1041,2
DA:1042,2
DA:1043,2
DA:1044,2
DA:1045,2
DA:1046,2
DA:1047,2
DA:1049,2
DA:1050,1
DA:1051,1
DA:1053,3
DA:1054,1
DA:1055,1
DA:1056,1
DA:1057,1
DA:1058,2
DA:1059,2
DA:1060,2
DA:1061,2
DA:1063,1
DA:1064,1
DA:1065,1
DA:1066,1
DA:1067,1
DA:1069,1
DA:1070,1
DA:1071,1
DA:1072,1
DA:1073,1
DA:1074,1
DA:1075,1
DA:1076,1
DA:1077,1
DA:1079,4
DA:1080,2
DA:1081,1
DA:1082,1
DA:1083,1
DA:1084,1
DA:1085,1
DA:1086,1
DA:1087,1
DA:1088,1
DA:1089,1
DA:1090,1
DA:1091,1
DA:1092,1
DA:1093,1
DA:1094,1
DA:1095,1
DA:1096,1
DA:1097,1
DA:1100,2
DA:1101,2
DA:1102,2
DA:1103,2
DA:1104,2
DA:1105,2
DA:1106,2
DA:1107,2
DA:1109,3
DA:1110,1
DA:1111,1
DA:1112,1
DA:1113,1
DA:1114,1
DA:1115,1
DA:1116,1
DA:1117,1
DA:1118,1
DA:1119,1
DA:1120,1
DA:1121,1
DA:1122,1
DA:1123,1
DA:1125,7
DA:1126,7
DA:1127,1
DA:1128,1
DA:1129,1
DA:1130,1
DA:1131,6
DA:1133,6
DA:1134,6
DA:1135,6
DA:1136,6
DA:1137,6
DA:1138,6
DA:1139,6
DA:1140,6
DA:1141,6
DA:1142,6
DA:1143,6
DA:1144,6
DA:1145,6
DA:1147,1
DA:1148,1
DA:1149,1
DA:1150,1
DA:1151,1
DA:1152,1
DA:1153,1
DA:1154,1
DA:1155,1
DA:1156,1
DA:1158,36
DA:1161,3
DA:1162,3
DA:1163,3
DA:1166,1
DA:1167,1
DA:1168,0
DA:1169,0
DA:1170,1
DA:1172,1
DA:1176,5
DA:1177,5
DA:1178,2
DA:1179,1
DA:1180,1
DA:1181,1
DA:1182,0
DA:1184,5
DA:1188,2
DA:1189,2
DA:1190,0
DA:1191,2
DA:1193,2
DA:1197,2
DA:1198,2
DA:1199,2
DA:1200,0
DA:1201,0
DA:1202,0
DA:1203,0
DA:1205,2
DA:1209,2
DA:1210,2
DA:1211,1
DA:1212,1
DA:1214,2
DA:1217,6
DA:1218,6
DA:1219,6
DA:1220,6
DA:1221,4
DA:1222,6
DA:1224,5
DA:1225,5
DA:1226,5
DA:1227,5
DA:1228,13
DA:1229,13
DA:1230,9
DA:1231,9
DA:1233,5
DA:1234,5
DA:1251,1
DA:1252,1
DA:1253,1
DA:1255,1
DA:1256,1
DA:1257,0
DA:1259,1
DA:1260,1
DA:1261,1
DA:1264,1
DA:1265,1
DA:1266,1
DA:1267,1
DA:1269,3
DA:1270,3
DA:1271,3
DA:1272,3
DA:1273,0
DA:1275,3
DA:1276,3
DA:1278,1
DA:1281,1
DA:1282,1
DA:1284,1
DA:1285,1
DA:1286,1
DA:1287,1
DA:1288,1
DA:1289,1
DA:1290,1
DA:1291,1
DA:1292,1
DA:1293,1
DA:1296,1
DA:1297,1
DA:1298,1
DA:1299,1
DA:1300,1
DA:1301,1
DA:1302,1
DA:1304,1
DA:1306,1
DA:1307,1
DA:1308,0
DA:1310,1
DA:1311,1
DA:1312,1
DA:1313,1
DA:1314,1
DA:1315,1
DA:1317,1
DA:1320,1
DA:1321,1
DA:1322,1
DA:1323,1
DA:1324,1
DA:1326,1
DA:1327,1
DA:1328,1
DA:1329,1
DA:1330,1
DA:1331,1
DA:1334,1
DA:1335,1
DA:1338,1
DA:1339,1
DA:1345,1
DA:1346,1
DA:1347,1
DA:1348,1
DA:1349,1
DA:1350,1
DA:1351,1
DA:1352,1
DA:1353,1
DA:1354,1
DA:1355,1
DA:1356,1
DA:1357,1
DA:1358,1
DA:1359,1
DA:1361,1
DA:1364,1
DA:1365,1
DA:1366,1
DA:1367,1
DA:1368,1
DA:1369,1
DA:1372,1
DA:1373,1
DA:1379,1
DA:1382,1
DA:1383,1
DA:1384,1
DA:1385,1
DA:1386,1
DA:1387,1
DA:1390,1
DA:1391,1
DA:1392,1
DA:1393,1
DA:1394,1
DA:1395,1
DA:1397,1
DA:1400,1
DA:1401,1
DA:1402,1
DA:1403,1
DA:1404,1
DA:1405,1
DA:1408,1
DA:1409,1
DA:1410,1
DA:1411,1
DA:1412,1
DA:1413,1
DA:1414,1
DA:1415,1
DA:1416,1
DA:1417,1
DA:1419,1
DA:1422,1
DA:1423,1
DA:1424,1
DA:1425,1
DA:1426,1
DA:1427,1
DA:1430,1
DA:1431,1
DA:1432,1
DA:1433,1
DA:1434,1
DA:1436,1
DA:1439,1
DA:1440,1
DA:1442,1
DA:1443,1
DA:1446,1
DA:1447,1
DA:1448,1
DA:1449,1
DA:1450,1
DA:1451,1
DA:1452,1
DA:1455,1
DA:1456,1
DA:1457,1
DA:1458,1
DA:1459,1
DA:1461,1
DA:1464,1
DA:1465,1
DA:1466,1
DA:1467,1
DA:1468,1
DA:1469,1
DA:1470,1
DA:1471,1
DA:1472,1
DA:1475,1
DA:1476,1
DA:1477,1
DA:1478,1
DA:1479,1
DA:1480,1
DA:1482,1
DA:1485,1
DA:1486,1
DA:1488,1
DA:1489,1
DA:1495,1
DA:1498,1
DA:1499,1
DA:1500,1
DA:1501,1
DA:1502,1
DA:1503,1
DA:1504,1
DA:1505,1
DA:1508,1
DA:1509,1
DA:1510,1
DA:1511,1
DA:1512,1
DA:1513,1
DA:1515,1
DA:1518,1
DA:1519,1
DA:1520,1
DA:1521,1
DA:1522,1
DA:1523,1
DA:1524,1
DA:1525,1
DA:1526,1
DA:1527,1
DA:1530,1
DA:1531,1
DA:1532,1
DA:1533,1
DA:1534,1
DA:1535,1
DA:1536,1
DA:1537,1
DA:1538,1
DA:1539,1
DA:1541,1
DA:1544,1
DA:1545,1
DA:1546,1
DA:1547,1
DA:1548,1
DA:1549,1
DA:1550,1
DA:1551,1
DA:1552,1
DA:1553,1
DA:1554,1
DA:1555,1
DA:1556,1
DA:1557,1
DA:1558,1
DA:1559,1
DA:1560,1
DA:1561,1
DA:1562,1
DA:1563,1
DA:1564,1
DA:1565,1
DA:1566,1
DA:1567,1
DA:1570,1
DA:1571,1
DA:1572,1
DA:1573,1
DA:1574,1
DA:1575,1
DA:1576,1
DA:1577,1
DA:1578,1
DA:1579,1
DA:1580,1
DA:1581,1
DA:1582,1
DA:1583,1
DA:1585,1
DA:1588,1
DA:1589,1
DA:1590,1
DA:1591,1
DA:1592,1
DA:1593,1
DA:1594,1
DA:1595,1
DA:1596,1
DA:1597,1
DA:1600,1
DA:1601,1
DA:1602,1
DA:1603,1
DA:1604,1
DA:1605,1
DA:1607,1
DA:1610,1
DA:1611,1
DA:1612,1
DA:1613,1
DA:1614,1
DA:1615,1
DA:1616,1
DA:1617,1
DA:1618,1
DA:1621,1
DA:1622,1
DA:1623,1
DA:1624,1
DA:1625,1
DA:1626,1
DA:1628,1
DA:1631,1
DA:1632,1
DA:1633,1
DA:1634,1
DA:1635,1
DA:1638,1
DA:1639,1
DA:1640,1
DA:1641,0
DA:1643,1
DA:1644,1
DA:1645,1
DA:1648,1
DA:1649,1
DA:1650,1
DA:1651,1
DA:1652,1
DA:1653,1
DA:1654,1
DA:1655,1
DA:1656,1
DA:1657,1
DA:1660,1
DA:1661,1
DA:1662,1
DA:1663,1
DA:1664,1
DA:1665,1
DA:1666,1
DA:1667,1
DA:1669,1
DA:1672,1
DA:1673,1
DA:1674,1
DA:1675,1
DA:1676,1
DA:1677,1
DA:1678,1
DA:1679,1
DA:1681,1
DA:1682,1
DA:1683,0
DA:1686,1
DA:1688,1
DA:1689,1
DA:1690,1
DA:1693,1
DA:1694,1
DA:1695,1
DA:1696,1
DA:1697,1
DA:1698,1
DA:1701,1
DA:1702,1
DA:1708,1
DA:1711,1
DA:1712,1
DA:1713,1
DA:1714,1
DA:1715,1
DA:1716,1
DA:1717,1
DA:1718,1
DA:1721,1
DA:1722,1
DA:1723,1
DA:1724,0
DA:1726,1
DA:1727,1
DA:1728,1
DA:1729,1
DA:1730,1
DA:1732,1
DA:1735,1
DA:1736,1
DA:1737,1
DA:1738,1
DA:1739,1
DA:1740,1
DA:1741,1
DA:1742,1
DA:1743,1
DA:1744,1
DA:1745,1
DA:1746,1
DA:1747,1
DA:1748,1
DA:1751,1
DA:1752,1
DA:1753,1
DA:1754,1
DA:1755,1
DA:1756,1
DA:1757,1
DA:1758,1
DA:1759,1
DA:1760,1
DA:1762,1
DA:1765,1
DA:1766,1
DA:1767,1
DA:1768,1
DA:1769,1
DA:1770,1
DA:1771,1
DA:1772,1
DA:1773,1
DA:1774,1
DA:1777,1
DA:1778,1
DA:1779,1
DA:1780,1
DA:1781,1
DA:1782,1
DA:1783,1
DA:1784,1
DA:1785,1
DA:1786,1
DA:1788,1
DA:1791,1
DA:1792,1
DA:1793,1
DA:1794,1
DA:1795,1
DA:1796,1
DA:1797,1
DA:1798,1
DA:1799,1
DA:1800,1
DA:1801,1
DA:1802,1
DA:1803,1
DA:1806,1
DA:1807,1
DA:1808,1
DA:1809,1
DA:1810,1
DA:1811,1
DA:1812,1
DA:1813,1
DA:1815,1
DA:1818,1
DA:1819,1
DA:1820,1
DA:1821,1
DA:1822,1
DA:1823,1
DA:1824,1
DA:1825,1
DA:1828,1
DA:1829,1
DA:1830,1
DA:1831,1
DA:1832,1
DA:1833,1
DA:1835,1
DA:1838,1
DA:1839,1
DA:1840,1
DA:1841,1
DA:1842,1
DA:1843,1
DA:1844,1
DA:1845,1
DA:1846,1
DA:1849,1
DA:1850,1
DA:1851,1
DA:1852,1
DA:1853,1
DA:1854,1
DA:1856,1
DA:1859,1
DA:1860,1
DA:1861,1
DA:1862,1
DA:1863,1
DA:1864,1
DA:1865,1
DA:1866,1
DA:1867,1
DA:1868,1
DA:1869,1
DA:1870,1
DA:1871,1
DA:1872,1
DA:1873,1
DA:1874,1
DA:1875,1
DA:1876,1
DA:1877,1
DA:1880,1
DA:1881,1
DA:1882,1
DA:1883,1
DA:1884,1
DA:1885,1
DA:1886,1
DA:1887,1
DA:1888,1
DA:1889,1
DA:1890,1
DA:1891,1
DA:1892,1
DA:1893,1
DA:1894,1
DA:1896,1
DA:1899,1
DA:1900,1
DA:1901,1
DA:1902,1
DA:1903,1
DA:1904,1
DA:1905,1
DA:1906,1
DA:1909,1
DA:1910,1
DA:1911,1
DA:1912,1
DA:1913,1
DA:1914,1
DA:1915,1
DA:1916,1
DA:1917,1
DA:1918,1
DA:1919,1
DA:1920,1
DA:1921,1
DA:1922,1
DA:1923,1
DA:1925,1
DA:1928,1
DA:1929,1
DA:1930,1
DA:1931,1
DA:1932,1
DA:1933,1
DA:1934,1
DA:1935,1
DA:1936,1
DA:1937,1
DA:1940,1
DA:1941,1
DA:1956,1
DA:1959,1
DA:1960,1
DA:1961,1
DA:1962,1
DA:1963,1
DA:1964,1
DA:1965,1
DA:1966,1
DA:1969,1
DA:1970,1
DA:1971,1
DA:1972,1
DA:1973,1
DA:1974,1
DA:1975,1
DA:1976,1
DA:1977,1
DA:1978,1
DA:1979,1
DA:1980,1
DA:1981,1
DA:1982,1
DA:1983,1
DA:1985,1
DA:1988,1
DA:1989,1
DA:1990,1
DA:1991,1
DA:1992,1
DA:1993,1
DA:1994,1
DA:1995,1
DA:1998,1
DA:1999,1
DA:2000,1
DA:2001,1
DA:2002,1
DA:2003,1
DA:2004,1
DA:2005,1
DA:2006,1
DA:2007,1
DA:2008,1
DA:2009,1
DA:2010,1
DA:2011,1
DA:2012,1
DA:2014,1
DA:2017,1
DA:2018,1
DA:2019,1
DA:2021,1
DA:2022,1
DA:2023,0
DA:2025,1
DA:2026,1
DA:2027,1
DA:2030,1
DA:2031,1
DA:2032,1
DA:2033,1
DA:2034,1
DA:2035,1
DA:2038,1
DA:2039,1
DA:2040,1
DA:2041,1
DA:2042,1
DA:2044,1
DA:2047,1
DA:2048,1
DA:2049,1
DA:2050,1
DA:2051,1
DA:2052,1
DA:2053,1
DA:2056,1
DA:2057,1
DA:2058,1
DA:2059,1
DA:2060,1
DA:2061,1
DA:2063,1
DA:2066,1
DA:2067,1
DA:2068,1
DA:2069,1
DA:2070,1
DA:2071,1
DA:2074,1
DA:2075,1
DA:2076,1
DA:2077,1
DA:2078,1
DA:2080,1
DA:2083,1
DA:2084,1
DA:2085,1
DA:2086,1
DA:2087,1
DA:2090,1
DA:2091,1
DA:2094,1
DA:2095,1
DA:2096,1
DA:2097,1
DA:2098,1
DA:2099,1
DA:2100,1
DA:2101,1
DA:2102,1
DA:2103,1
DA:2104,1
DA:2105,1
DA:2106,1
DA:2107,1
DA:2108,1
DA:2109,1
DA:2110,1
DA:2111,1
DA:2112,1
DA:2113,1
DA:2114,1
DA:2117,1
DA:2118,1
DA:2119,1
DA:2120,1
DA:2121,1
DA:2122,1
DA:2123,1
DA:2124,1
DA:2125,1
DA:2126,1
DA:2127,1
DA:2128,1
DA:2129,1
DA:2130,1
DA:2132,1
DA:2135,1
DA:2136,1
DA:2137,1
DA:2138,1
DA:2139,1
DA:2140,1
DA:2141,1
DA:2142,1
DA:2143,1
DA:2144,1
DA:2145,1
DA:2146,1
DA:2147,1
DA:2148,1
DA:2149,1
DA:2150,1
DA:2151,1
DA:2152,1
DA:2153,1
DA:2156,1
DA:2157,1
DA:2158,1
DA:2159,1
DA:2160,1
DA:2161,1
DA:2162,1
DA:2163,1
DA:2164,1
DA:2165,1
DA:2166,1
DA:2167,1
DA:2168,1
DA:2169,1
DA:2171,1
DA:2174,1
DA:2175,1
DA:2176,1
DA:2178,1
DA:2179,1
DA:2180,0
DA:2182,1
DA:2183,1
DA:2184,1
DA:2187,1
DA:2188,1
DA:2189,1
DA:2190,1
DA:2192,3
DA:2193,3
DA:2194,3
DA:2195,3
DA:2196,0
DA:2198,3
DA:2199,3
DA:2203,1
DA:2208,1
DA:2209,1
DA:2210,1
DA:2211,1
DA:2214,1
DA:2215,1
DA:2216,1
DA:2217,1
DA:2220,1
DA:2221,1
DA:2222,1
DA:2223,1
DA:2226,1
DA:2227,1
DA:2228,1
DA:2229,1
DA:2234,1
DA:2236,1
DA:2237,1
DA:2238,1
DA:2239,1
DA:2240,1
DA:2241,1
DA:2243,1
DA:2244,1
DA:2246,1
DA:2248,1
DA:2251,1
DA:2253,1
DA:2254,1
DA:2255,1
DA:2256,1
DA:2258,1
DA:2259,1
DA:2260,1
DA:2263,1
DA:2264,1
DA:2265,1
DA:2266,1
DA:2271,1
DA:2272,1
DA:2273,1
DA:2274,1
DA:2275,1
DA:2276,1
DA:2279,1
DA:2280,1
DA:2281,1
DA:2282,1
DA:2286,1
DA:2287,1
DA:2288,1
DA:2289,1
DA:2290,1
DA:2293,1
DA:2294,1
DA:2295,1
DA:2296,1
DA:2297,1
DA:2302,1
DA:2303,1
DA:2304,1
DA:2307,1
DA:2308,1
DA:2309,1
DA:2312,1
DA:2313,1
DA:2314,1
DA:2317,1
DA:2318,1
DA:2321,1
DA:2324,1
DA:2325,1
DA:2326,1
DA:2329,1
DA:2330,1
DA:2333,1
DA:2334,1
DA:2335,1
DA:2338,1
DA:2339,1
DA:2342,1
DA:2343,1
DA:2344,1
DA:2347,1
DA:2348,1
DA:2351,1
DA:2353,1
DA:2354,1
DA:2355,1
DA:2356,1
DA:2357,1
BRF:0
BRH:0
LF:1043
LH:1019
end_of_record
SF:/home/ac/projects/shardline/crates/cli/src/config.rs
FN:39,_RNCNvNtCsk1gAxsC5djE_9shardline6config25run_config_check_from_env0B5_
FN:62,_RNvNtCsk1gAxsC5djE_9shardline6config14effective_root
FN:67,_RNvNtCsk1gAxsC5djE_9shardline6config16resolve_root_dir
FN:107,_RNvNtCsk1gAxsC5djE_9shardline6config18is_deployment_root
FN:49,_RNvNtCsk1gAxsC5djE_9shardline6config18load_server_config
FN:103,_RNvNtCsk1gAxsC5djE_9shardline6config20default_project_root
FN:87,_RNvNtCsk1gAxsC5djE_9shardline6config21discover_project_root
FN:157,_RNvNtNtCsk1gAxsC5djE_9shardline6config5testss_26config_runtime_error_debug
FN:132,_RNvNtNtCsk1gAxsC5djE_9shardline6config5testss_35config_runtime_error_config_display
FN:139,_RNvNtNtCsk1gAxsC5djE_9shardline6config5testss_35config_runtime_error_server_display
FN:203,_RNvNtNtCsk1gAxsC5djE_9shardline6config5testss_37explicit_root_wins_over_cwd_detection
FN:147,_RNvNtNtCsk1gAxsC5djE_9shardline6config5testss_41config_runtime_error_providerless_display
FN:213,_RNvNtNtCsk1gAxsC5djE_9shardline6config5testss_45project_state_directory_resolves_to_data_root
FN:236,_RNvNtNtCsk1gAxsC5djE_9shardline6config5testss_48default_project_root_uses_hidden_state_directory
FN:247,_RNvNtNtCsk1gAxsC5djE_9shardline6config5testss_50load_server_config_rejects_symlinked_root_override
FN:164,_RNvNtNtCsk1gAxsC5djE_9shardline6config5testss_56deployment_root_detection_accepts_sqlite_metadata_layout
FN:183,_RNvNtNtCsk1gAxsC5djE_9shardline6config5testss_67deployment_root_detection_accepts_legacy_filesystem_metadata_layout
FN:39,_RNvNtCsk1gAxsC5djE_9shardline6config25run_config_check_from_env
FNDA:0,_RNCNvNtCsk1gAxsC5djE_9shardline6config25run_config_check_from_env0B5_
FNDA:0,_RNvNtCsk1gAxsC5djE_9shardline6config14effective_root
FNDA:2,_RNvNtCsk1gAxsC5djE_9shardline6config16resolve_root_dir
FNDA:6,_RNvNtCsk1gAxsC5djE_9shardline6config18is_deployment_root
FNDA:1,_RNvNtCsk1gAxsC5djE_9shardline6config18load_server_config
FNDA:1,_RNvNtCsk1gAxsC5djE_9shardline6config20default_project_root
FNDA:1,_RNvNtCsk1gAxsC5djE_9shardline6config21discover_project_root
FNDA:1,_RNvNtNtCsk1gAxsC5djE_9shardline6config5testss_26config_runtime_error_debug
FNDA:1,_RNvNtNtCsk1gAxsC5djE_9shardline6config5testss_35config_runtime_error_config_display
FNDA:1,_RNvNtNtCsk1gAxsC5djE_9shardline6config5testss_35config_runtime_error_server_display
FNDA:1,_RNvNtNtCsk1gAxsC5djE_9shardline6config5testss_37explicit_root_wins_over_cwd_detection
FNDA:1,_RNvNtNtCsk1gAxsC5djE_9shardline6config5testss_41config_runtime_error_providerless_display
FNDA:1,_RNvNtNtCsk1gAxsC5djE_9shardline6config5testss_45project_state_directory_resolves_to_data_root
FNDA:1,_RNvNtNtCsk1gAxsC5djE_9shardline6config5testss_48default_project_root_uses_hidden_state_directory
FNDA:1,_RNvNtNtCsk1gAxsC5djE_9shardline6config5testss_50load_server_config_rejects_symlinked_root_override
FNDA:1,_RNvNtNtCsk1gAxsC5djE_9shardline6config5testss_56deployment_root_detection_accepts_sqlite_metadata_layout
FNDA:1,_RNvNtNtCsk1gAxsC5djE_9shardline6config5testss_67deployment_root_detection_accepts_legacy_filesystem_metadata_layout
FNDA:0,_RNvNtCsk1gAxsC5djE_9shardline6config25run_config_check_from_env
FNF:18
FNH:15
DA:39,0
DA:40,0
DA:41,0
DA:42,0
DA:49,1
DA:50,1
DA:51,1
DA:52,1
DA:53,1
DA:54,0
DA:55,1
DA:62,0
DA:63,0
DA:64,0
DA:65,0
DA:67,2
DA:68,2
DA:69,2
DA:70,0
DA:72,0
DA:73,0
DA:74,0
DA:76,0
DA:77,0
DA:78,0
DA:79,0
DA:81,0
DA:82,0
DA:84,0
DA:85,2
DA:87,1
DA:88,3
DA:89,3
DA:90,3
DA:91,3
DA:92,1
DA:93,2
DA:95,2
DA:96,0
DA:97,2
DA:100,0
DA:101,1
DA:103,1
DA:104,1
DA:105,1
DA:107,6
DA:108,6
DA:109,6
DA:110,6
DA:111,1
DA:112,1
DA:113,6
DA:114,6
DA:132,1
DA:133,1
DA:134,1
DA:135,1
DA:136,1
DA:139,1
DA:141,1
DA:142,1
DA:143,1
DA:144,1
DA:147,1
DA:148,1
DA:149,1
DA:150,1
DA:151,1
DA:152,1
DA:153,1
DA:154,1
DA:157,1
DA:158,1
DA:159,1
DA:160,1
DA:161,1
DA:164,1
DA:165,1
DA:166,1
DA:167,1
DA:168,0
DA:171,1
DA:173,1
DA:174,1
DA:175,1
DA:177,1
DA:178,1
DA:179,1
DA:180,1
DA:183,1
DA:184,1
DA:185,1
DA:186,1
DA:187,0
DA:190,1
DA:191,1
DA:192,1
DA:193,1
DA:194,1
DA:195,1
DA:196,1
DA:197,1
DA:199,1
DA:200,1
DA:203,1
DA:204,1
DA:205,1
DA:207,1
DA:209,1
DA:210,1
DA:213,1
DA:214,1
DA:215,1
DA:216,1
DA:217,0
DA:219,1
DA:220,1
DA:221,1
DA:222,1
DA:223,1
DA:224,1
DA:226,1
DA:227,1
DA:228,1
DA:229,0
DA:232,1
DA:233,1
DA:236,1
DA:237,1
DA:239,1
DA:240,1
DA:241,1
DA:243,1
DA:247,1
DA:248,1
DA:249,1
DA:250,1
DA:251,0
DA:253,1
DA:254,1
DA:255,1
DA:256,1
DA:257,1
DA:258,1
DA:260,1
DA:262,1
DA:263,1
BRF:0
BRH:0
LF:148
LH:120
end_of_record
SF:/home/ac/projects/shardline/crates/cli/src/db.rs
FN:31,_RNCNvNtCsk1gAxsC5djE_9shardline2db16run_db_migration0B5_
FN:61,_RNvNtNtCsk1gAxsC5djE_9shardline2db5testss_22db_runtime_error_debug
FN:169,_RNvNtNtCsk1gAxsC5djE_9shardline2db5testss_30database_migration_options_new
FN:68,_RNvNtNtCsk1gAxsC5djE_9shardline2db5testss_31db_runtime_error_from_migration
FN:131,_RNvNtNtCsk1gAxsC5djE_9shardline2db5testss_34database_migration_error_empty_url
FN:84,_RNvNtNtCsk1gAxsC5djE_9shardline2db5testss_35database_migration_options_up_steps
FN:53,_RNvNtNtCsk1gAxsC5djE_9shardline2db5testss_36db_runtime_error_missing_url_message
FN:159,_RNvNtNtCsk1gAxsC5djE_9shardline2db5testss_36run_db_migration_missing_url_display
FN:179,_RNvNtNtCsk1gAxsC5djE_9shardline2db5testss_37database_migration_command_partial_eq
FN:110,_RNvNtNtCsk1gAxsC5djE_9shardline2db5testss_37database_migration_options_down_steps
FN:98,_RNvNtNtCsk1gAxsC5djE_9shardline2db5testss_38database_migration_options_up_no_steps
FN:76,_RNvNtNtCsk1gAxsC5djE_9shardline2db5testss_39database_migration_options_holds_values
FN:137,_RNvNtNtCsk1gAxsC5djE_9shardline2db5testss_40database_migration_error_unknown_version
FN:122,_RNvNtNtCsk1gAxsC5djE_9shardline2db5testss_42database_migration_command_debug_and_clone
FN:145,_RNvNtNtCsk1gAxsC5djE_9shardline2db5testss_42database_migration_error_checksum_mismatch
FN:28,_RNvNtCsk1gAxsC5djE_9shardline2db16run_db_migration
FNDA:0,_RNCNvNtCsk1gAxsC5djE_9shardline2db16run_db_migration0B5_
FNDA:1,_RNvNtNtCsk1gAxsC5djE_9shardline2db5testss_22db_runtime_error_debug
FNDA:1,_RNvNtNtCsk1gAxsC5djE_9shardline2db5testss_30database_migration_options_new
FNDA:1,_RNvNtNtCsk1gAxsC5djE_9shardline2db5testss_31db_runtime_error_from_migration
FNDA:1,_RNvNtNtCsk1gAxsC5djE_9shardline2db5testss_34database_migration_error_empty_url
FNDA:1,_RNvNtNtCsk1gAxsC5djE_9shardline2db5testss_35database_migration_options_up_steps
FNDA:1,_RNvNtNtCsk1gAxsC5djE_9shardline2db5testss_36db_runtime_error_missing_url_message
FNDA:1,_RNvNtNtCsk1gAxsC5djE_9shardline2db5testss_36run_db_migration_missing_url_display
FNDA:1,_RNvNtNtCsk1gAxsC5djE_9shardline2db5testss_37database_migration_command_partial_eq
FNDA:1,_RNvNtNtCsk1gAxsC5djE_9shardline2db5testss_37database_migration_options_down_steps
FNDA:1,_RNvNtNtCsk1gAxsC5djE_9shardline2db5testss_38database_migration_options_up_no_steps
FNDA:1,_RNvNtNtCsk1gAxsC5djE_9shardline2db5testss_39database_migration_options_holds_values
FNDA:1,_RNvNtNtCsk1gAxsC5djE_9shardline2db5testss_40database_migration_error_unknown_version
FNDA:1,_RNvNtNtCsk1gAxsC5djE_9shardline2db5testss_42database_migration_command_debug_and_clone
FNDA:1,_RNvNtNtCsk1gAxsC5djE_9shardline2db5testss_42database_migration_error_checksum_mismatch
FNDA:0,_RNvNtCsk1gAxsC5djE_9shardline2db16run_db_migration
FNF:16
FNH:14
DA:28,0
DA:29,0
DA:30,0
DA:31,0
DA:32,0
DA:33,0
DA:34,0
DA:35,0
DA:37,0
DA:40,0
DA:41,0
DA:42,0
DA:53,1
DA:54,1
DA:55,1
DA:56,1
DA:57,1
DA:58,1
DA:61,1
DA:62,1
DA:63,1
DA:64,1
DA:65,1
DA:68,1
DA:69,1
DA:70,1
DA:71,1
DA:72,1
DA:73,1
DA:76,1
DA:77,1
DA:78,1
DA:79,1
DA:80,1
DA:81,1
DA:84,1
DA:85,1
DA:86,1
DA:87,1
DA:88,1
DA:90,1
DA:91,1
DA:92,1
DA:95,1
DA:98,1
DA:99,1
DA:100,1
DA:101,1
DA:103,1
DA:104,1
DA:107,1
DA:110,1
DA:111,1
DA:112,1
DA:113,1
DA:115,1
DA:116,1
DA:119,1
DA:122,1
DA:123,1
DA:124,1
DA:125,1
DA:126,1
DA:127,1
DA:128,1
DA:131,1
DA:132,1
DA:133,1
DA:134,1
DA:137,1
DA:138,1
DA:139,1
DA:140,1
DA:141,1
DA:142,1
DA:145,1
DA:146,1
DA:147,1
DA:148,1
DA:149,1
DA:150,1
DA:151,1
DA:152,1
DA:153,1
DA:154,1
DA:155,1
DA:156,1
DA:159,1
DA:161,1
DA:162,1
DA:163,1
DA:166,1
DA:169,1
DA:170,1
DA:171,1
DA:172,1
DA:174,1
DA:175,1
DA:176,1
DA:179,1
DA:180,1
DA:184,1
DA:188,1
DA:192,1
BRF:0
BRH:0
LF:105
LH:92
end_of_record
SF:/home/ac/projects/shardline/crates/cli/src/fsck.rs
FN:26,_RNCNvNtCsk1gAxsC5djE_9shardline4fsck8run_fsck0B5_
FN:26,_RNvNtCsk1gAxsC5djE_9shardline4fsck8run_fsck
FN:62,_RNvNtNtCsk1gAxsC5djE_9shardline4fsck5testss_27fsck_runtime_error_equality
FN:48,_RNvNtNtCsk1gAxsC5djE_9shardline4fsck5testss_30fsck_runtime_error_from_config
FN:54,_RNvNtNtCsk1gAxsC5djE_9shardline4fsck5testss_30fsck_runtime_error_from_server
FN:37,_RNvNtNtCsk1gAxsC5djE_9shardline4fsck5testss_32fsck_runtime_error_display_debug
FN:69,_RNvNtNtCsk1gAxsC5djE_9shardline4fsck5testss_33fsck_runtime_error_server_display
FNDA:0,_RNCNvNtCsk1gAxsC5djE_9shardline4fsck8run_fsck0B5_
FNDA:0,_RNvNtCsk1gAxsC5djE_9shardline4fsck8run_fsck
FNDA:1,_RNvNtNtCsk1gAxsC5djE_9shardline4fsck5testss_27fsck_runtime_error_equality
FNDA:1,_RNvNtNtCsk1gAxsC5djE_9shardline4fsck5testss_30fsck_runtime_error_from_config
FNDA:1,_RNvNtNtCsk1gAxsC5djE_9shardline4fsck5testss_30fsck_runtime_error_from_server
FNDA:1,_RNvNtNtCsk1gAxsC5djE_9shardline4fsck5testss_32fsck_runtime_error_display_debug
FNDA:1,_RNvNtNtCsk1gAxsC5djE_9shardline4fsck5testss_33fsck_runtime_error_server_display
FNF:7
FNH:5
DA:26,0
DA:27,0
DA:28,0
DA:29,0
DA:37,1
DA:38,1
DA:39,1
DA:40,1
DA:42,1
DA:44,1
DA:45,1
DA:48,1
DA:49,1
DA:50,1
DA:51,1
DA:54,1
DA:58,1
DA:59,1
DA:62,1
DA:64,1
DA:65,1
DA:66,1
DA:69,1
DA:71,1
DA:72,1
DA:73,1
DA:74,1
DA:75,1
DA:76,1
BRF:0
BRH:0
LF:30
LH:25
end_of_record
SF:/home/ac/projects/shardline/crates/cli/src/gc.rs
FN:224,_RNvNtNtCsk1gAxsC5djE_9shardline2gc5testss_24local_gc_options_default
FN:154,_RNvNtNtCsk1gAxsC5djE_9shardline2gc5testss_26local_gc_options_mode_name
FN:273,_RNvNtNtCsk1gAxsC5djE_9shardline2gc5testss_27gc_runtime_error_io_display
FN:251,_RNvNtNtCsk1gAxsC5djE_9shardline2gc5testss_31gc_runtime_error_config_display
FN:264,_RNvNtNtCsk1gAxsC5djE_9shardline2gc5testss_31gc_runtime_error_server_display
FN:194,_RNvNtNtCsk1gAxsC5djE_9shardline2gc5testss_32local_gc_options_dry_run_builder
FN:240,_RNvNtNtCsk1gAxsC5djE_9shardline2gc5testss_34gc_runtime_error_debug_and_display
FN:201,_RNvNtNtCsk1gAxsC5djE_9shardline2gc5testss_34local_gc_options_mark_only_builder
FN:209,_RNvNtNtCsk1gAxsC5djE_9shardline2gc5testss_35local_gc_options_sweep_only_builder
FN:143,_RNvNtNtCsk1gAxsC5djE_9shardline2gc5testss_37local_gc_options_at_minimum_unchanged
FN:216,_RNvNtNtCsk1gAxsC5djE_9shardline2gc5testss_39local_gc_options_mark_and_sweep_builder
FN:132,_RNvNtNtCsk1gAxsC5djE_9shardline2gc5testss_40local_gc_options_above_minimum_unchanged
FN:111,_RNvNtNtCsk1gAxsC5djE_9shardline2gc5testss_40minimum_gc_retention_seconds_is_one_hour
FN:232,_RNvNtNtCsk1gAxsC5djE_9shardline2gc5testss_44write_optional_artifact_none_path_returns_ok
FN:116,_RNvNtNtCsk1gAxsC5djE_9shardline2gc5testss_47local_gc_options_clamps_retention_below_minimum
FN:42,_RNvNtCsk1gAxsC5djE_9shardline2gc6run_gc
FN:92,_RINvNtCsk1gAxsC5djE_9shardline2gc23write_optional_artifactINtNtCsauO83Ko6oyK_5alloc3vec3VecNtCskZCnKCVYeD5_12shardline_gc22GcOrphanInventoryEntryEEB4_
FN:92,_RINvNtCsk1gAxsC5djE_9shardline2gc23write_optional_artifactINtNtCsauO83Ko6oyK_5alloc3vec3VecNtCskZCnKCVYeD5_12shardline_gc22GcRetentionReportEntryEEB4_
FN:75,_RNCNvNtCsk1gAxsC5djE_9shardline2gc18run_gc_diagnostics0B5_
FN:49,_RNCNvNtCsk1gAxsC5djE_9shardline2gc6run_gc0B5_
FN:68,_RNvNtCsk1gAxsC5djE_9shardline2gc18run_gc_diagnostics
FNDA:1,_RNvNtNtCsk1gAxsC5djE_9shardline2gc5testss_24local_gc_options_default
FNDA:1,_RNvNtNtCsk1gAxsC5djE_9shardline2gc5testss_26local_gc_options_mode_name
FNDA:1,_RNvNtNtCsk1gAxsC5djE_9shardline2gc5testss_27gc_runtime_error_io_display
FNDA:1,_RNvNtNtCsk1gAxsC5djE_9shardline2gc5testss_31gc_runtime_error_config_display
FNDA:1,_RNvNtNtCsk1gAxsC5djE_9shardline2gc5testss_31gc_runtime_error_server_display
FNDA:1,_RNvNtNtCsk1gAxsC5djE_9shardline2gc5testss_32local_gc_options_dry_run_builder
FNDA:1,_RNvNtNtCsk1gAxsC5djE_9shardline2gc5testss_34gc_runtime_error_debug_and_display
FNDA:1,_RNvNtNtCsk1gAxsC5djE_9shardline2gc5testss_34local_gc_options_mark_only_builder
FNDA:1,_RNvNtNtCsk1gAxsC5djE_9shardline2gc5testss_35local_gc_options_sweep_only_builder
FNDA:1,_RNvNtNtCsk1gAxsC5djE_9shardline2gc5testss_37local_gc_options_at_minimum_unchanged
FNDA:1,_RNvNtNtCsk1gAxsC5djE_9shardline2gc5testss_39local_gc_options_mark_and_sweep_builder
FNDA:1,_RNvNtNtCsk1gAxsC5djE_9shardline2gc5testss_40local_gc_options_above_minimum_unchanged
FNDA:1,_RNvNtNtCsk1gAxsC5djE_9shardline2gc5testss_40minimum_gc_retention_seconds_is_one_hour
FNDA:1,_RNvNtNtCsk1gAxsC5djE_9shardline2gc5testss_44write_optional_artifact_none_path_returns_ok
FNDA:1,_RNvNtNtCsk1gAxsC5djE_9shardline2gc5testss_47local_gc_options_clamps_retention_below_minimum
FNDA:0,_RNvNtCsk1gAxsC5djE_9shardline2gc6run_gc
FNDA:0,_RINvNtCsk1gAxsC5djE_9shardline2gc23write_optional_artifactINtNtCsauO83Ko6oyK_5alloc3vec3VecNtCskZCnKCVYeD5_12shardline_gc22GcOrphanInventoryEntryEEB4_
FNDA:0,_RINvNtCsk1gAxsC5djE_9shardline2gc23write_optional_artifactINtNtCsauO83Ko6oyK_5alloc3vec3VecNtCskZCnKCVYeD5_12shardline_gc22GcRetentionReportEntryEEB4_
FNDA:0,_RNCNvNtCsk1gAxsC5djE_9shardline2gc18run_gc_diagnostics0B5_
FNDA:0,_RNCNvNtCsk1gAxsC5djE_9shardline2gc6run_gc0B5_
FNDA:0,_RNvNtCsk1gAxsC5djE_9shardline2gc18run_gc_diagnostics
FNF:20
FNH:15
DA:42,0
DA:43,0
DA:44,0
DA:45,0
DA:46,0
DA:47,0
DA:48,0
DA:49,0
DA:50,0
DA:51,0
DA:52,0
DA:53,0
DA:54,0
DA:55,0
DA:56,0
DA:57,0
DA:58,0
DA:60,0
DA:68,0
DA:69,0
DA:70,0
DA:71,0
DA:72,0
DA:73,0
DA:74,0
DA:75,0
DA:76,0
DA:77,0
DA:78,0
DA:79,0
DA:80,0
DA:81,0
DA:82,0
DA:83,0
DA:84,0
DA:85,0
DA:86,0
DA:87,0
DA:88,0
DA:89,0
DA:90,0
DA:92,0
DA:93,0
DA:94,0
DA:96,0
DA:97,0
DA:99,0
DA:100,0
DA:101,0
DA:102,0
DA:111,1
DA:112,1
DA:113,1
DA:116,1
DA:119,1
DA:120,1
DA:121,1
DA:122,1
DA:123,1
DA:124,1
DA:127,1
DA:128,1
DA:129,1
DA:132,1
DA:133,1
DA:134,1
DA:135,1
DA:136,1
DA:137,1
DA:138,1
DA:139,1
DA:140,1
DA:143,1
DA:144,1
DA:145,1
DA:146,1
DA:147,1
DA:148,1
DA:149,1
DA:150,1
DA:151,1
DA:154,1
DA:155,1
DA:156,1
DA:157,1
DA:158,1
DA:159,1
DA:160,1
DA:161,1
DA:164,1
DA:165,1
DA:166,1
DA:167,1
DA:168,1
DA:169,1
DA:170,1
DA:173,1
DA:174,1
DA:175,1
DA:176,1
DA:177,1
DA:178,1
DA:179,1
DA:182,1
DA:183,1
DA:184,1
DA:185,1
DA:186,1
DA:187,1
DA:188,1
DA:191,1
DA:194,1
DA:195,1
DA:196,1
DA:197,1
DA:198,1
DA:201,1
DA:202,1
DA:203,1
DA:204,1
DA:205,1
DA:206,1
DA:209,1
DA:210,1
DA:211,1
DA:212,1
DA:213,1
DA:216,1
DA:217,1
DA:218,1
DA:219,1
DA:220,1
DA:221,1
DA:224,1
DA:225,1
DA:226,1
DA:227,1
DA:228,1
DA:229,1
DA:232,1
DA:234,1
DA:235,1
DA:237,1
DA:240,1
DA:241,1
DA:242,1
DA:243,1
DA:244,1
DA:245,1
DA:247,1
DA:248,1
DA:251,1
DA:253,1
DA:254,1
DA:255,1
DA:256,1
DA:257,1
DA:258,1
DA:259,1
DA:260,1
DA:261,1
DA:264,1
DA:265,1
DA:266,1
DA:267,1
DA:268,1
DA:269,1
DA:270,1
DA:273,1
DA:274,1
DA:275,1
DA:276,1
DA:277,1
DA:278,1
DA:279,1
DA:280,1
BRF:0
BRH:0
LF:178
LH:126
end_of_record
SF:/home/ac/projects/shardline/crates/cli/src/gc_schedule.rs
FN:670,_RINvNtCsk1gAxsC5djE_9shardline11gc_schedule36set_before_local_text_file_read_hookNCNvNtB2_5testss_57read_text_file_with_limit_rejects_growth_after_validation0EB4_
[...]
FN:455,_RNCNvNtCsk1gAxsC5djE_9shardline17storage_migration37take_s3_credential_read_hook_for_path0B5_
FN:259,_RNvNtCsk1gAxsC5djE_9shardline17storage_migration12required_env
FN:168,_RNvNtCsk1gAxsC5djE_9shardline17storage_migration14local_endpoint
FN:462,_RNvNtCsk1gAxsC5djE_9shardline17storage_migration17optional_bool_env
FN:334,_RNvNtCsk1gAxsC5djE_9shardline17storage_migration23open_s3_credential_file
FN:303,_RNvNtCsk1gAxsC5djE_9shardline17storage_migration23read_s3_credential_file
FN:284,_RNvNtCsk1gAxsC5djE_9shardline17storage_migration31optional_s3_secret_from_sources
FN:360,_RNvNtCsk1gAxsC5djE_9shardline17storage_migration31read_bounded_s3_credential_file
FN:348,_RNvNtCsk1gAxsC5djE_9shardline17storage_migration36ensure_s3_credential_path_is_regular
FN:449,_RNvNtCsk1gAxsC5djE_9shardline17storage_migration37take_s3_credential_read_hook_for_path
FN:421,_RNvNtCsk1gAxsC5djE_9shardline17storage_migration38ensure_s3_credential_size_within_limit
FN:437,_RNvNtCsk1gAxsC5djE_9shardline17storage_migration44run_before_s3_credential_read_hook_for_tests
FN:476,_RNvNtCsk1gAxsC5djE_9shardline17storage_migration7env_key
FN:264,_RNvNtCsk1gAxsC5djE_9shardline17storage_migration9env_value
FN:204,_RNCNvNtCsk1gAxsC5djE_9shardline17storage_migration14load_s3_config0B5_
FN:211,_RNCNvNtCsk1gAxsC5djE_9shardline17storage_migration14load_s3_configs_0B5_
FN:201,_RNvNtCsk1gAxsC5djE_9shardline17storage_migration14load_s3_config
FN:133,_RNvNtCsk1gAxsC5djE_9shardline17storage_migration21run_storage_migration
FN:268,_RNvNtCsk1gAxsC5djE_9shardline17storage_migration30optional_s3_secret_env_or_file
FN:150,_RNvNtCsk1gAxsC5djE_9shardline17storage_migration8endpoint
FN:501,_RINvNtNtCsk1gAxsC5djE_9shardline17storage_migration5tests44set_before_s3_credential_read_hook_for_testsNCNvB2_s_63build_s3_config_rejects_credential_file_growth_after_validation0EB6_
FN:511,_RNCINvNtNtCsk1gAxsC5djE_9shardline17storage_migration5tests44set_before_s3_credential_read_hook_for_testsNCNvB4_s_63build_s3_config_rejects_credential_file_growth_after_validation0E0B8_
FN:679,_RNCNvNtNtCsk1gAxsC5djE_9shardline17storage_migration5testss_59build_s3_config_rejects_direct_and_file_credential_conflict0B7_
FN:738,_RNCNvNtNtCsk1gAxsC5djE_9shardline17storage_migration5testss_63build_s3_config_rejects_credential_file_growth_after_validation0B7_
FN:617,_RNCNvNtNtCsk1gAxsC5djE_9shardline17storage_migration5testss_63build_s3_config_rejects_invalid_bool_before_loading_credentials0B7_
FN:587,_RNCNvNtNtCsk1gAxsC5djE_9shardline17storage_migration5testss_65build_s3_config_rejects_missing_bucket_before_loading_credentials0B7_
FN:649,_RNCNvNtNtCsk1gAxsC5djE_9shardline17storage_migration5testss_66build_s3_config_accepts_file_backed_credentials_without_debug_leak0B7_
FN:776,_RNvNtNtCsk1gAxsC5djE_9shardline17storage_migration5testss_25env_key_with_empty_prefix
FN:768,_RNvNtNtCsk1gAxsC5djE_9shardline17storage_migration5testss_29env_key_joins_prefix_and_name
FN:556,_RNvNtNtCsk1gAxsC5djE_9shardline17storage_migration5testss_32local_endpoint_accepts_real_root
FN:822,_RNvNtNtCsk1gAxsC5djE_9shardline17storage_migration5testss_36runtime_error_missing_s3_env_display
FN:534,_RNvNtNtCsk1gAxsC5djE_9shardline17storage_migration5testss_37local_endpoint_rejects_symlinked_root
FN:830,_RNvNtNtCsk1gAxsC5djE_9shardline17storage_migration5testss_37runtime_error_invalid_s3_bool_display
FN:922,_RNvNtNtCsk1gAxsC5djE_9shardline17storage_migration5testss_38runtime_error_server_from_server_error
FN:900,_RNvNtNtCsk1gAxsC5djE_9shardline17storage_migration5testss_40runtime_error_invalid_local_root_display
FN:811,_RNvNtNtCsk1gAxsC5djE_9shardline17storage_migration5testss_40runtime_error_missing_local_root_display
FN:852,_RNvNtNtCsk1gAxsC5djE_9shardline17storage_migration5testss_40runtime_error_s3_credential_file_display
FN:890,_RNvNtNtCsk1gAxsC5djE_9shardline17storage_migration5testss_40runtime_error_s3_credential_utf8_display
FN:914,_RNvNtNtCsk1gAxsC5djE_9shardline17storage_migration5testss_45runtime_error_config_from_server_config_error
FN:866,_RNvNtNtCsk1gAxsC5djE_9shardline17storage_migration5testss_45runtime_error_s3_credential_too_large_display
FN:931,_RNvNtNtCsk1gAxsC5djE_9shardline17storage_migration5testss_46runtime_error_missing_s3_env_from_required_env
FN:950,_RNvNtNtCsk1gAxsC5djE_9shardline17storage_migration5testss_47runtime_error_env_value_returns_none_when_unset
FN:878,_RNvNtNtCsk1gAxsC5djE_9shardline17storage_migration5testss_51runtime_error_s3_credential_length_mismatch_display
FN:841,_RNvNtNtCsk1gAxsC5djE_9shardline17storage_migration5testss_51runtime_error_s3_credential_source_conflict_display
FN:783,_RNvNtNtCsk1gAxsC5djE_9shardline17storage_migration5testss_51s3_credential_size_within_limit_accepts_small_value
FN:967,_RNvNtNtCsk1gAxsC5djE_9shardline17storage_migration5testss_52runtime_error_optional_s3_secret_from_sources_direct
FN:942,_RNvNtNtCsk1gAxsC5djE_9shardline17storage_migration5testss_53runtime_error_optional_bool_env_invalid_returns_error
FN:802,_RNvNtNtCsk1gAxsC5djE_9shardline17storage_migration5testss_53s3_credential_size_within_limit_accepts_exact_maximum
FN:522,_RNvNtNtCsk1gAxsC5djE_9shardline17storage_migration5testss_53storage_migration_bool_parser_accepts_operator_values
FN:978,_RNvNtNtCsk1gAxsC5djE_9shardline17storage_migration5testss_54runtime_error_optional_s3_secret_from_sources_conflict
FN:956,_RNvNtNtCsk1gAxsC5djE_9shardline17storage_migration5testss_55runtime_error_optional_s3_secret_from_sources_both_none
FN:788,_RNvNtNtCsk1gAxsC5djE_9shardline17storage_migration5testss_55s3_credential_size_within_limit_rejects_too_large_value
FN:669,_RNvNtNtCsk1gAxsC5djE_9shardline17storage_migration5testss_59build_s3_config_rejects_direct_and_file_credential_conflict
FN:704,_RNvNtNtCsk1gAxsC5djE_9shardline17storage_migration5testss_59build_s3_config_rejects_invalid_utf8_file_backed_credential
FN:728,_RNvNtNtCsk1gAxsC5djE_9shardline17storage_migration5testss_63build_s3_config_rejects_credential_file_growth_after_validation
FN:601,_RNvNtNtCsk1gAxsC5djE_9shardline17storage_migration5testss_63build_s3_config_rejects_invalid_bool_before_loading_credentials
FN:572,_RNvNtNtCsk1gAxsC5djE_9shardline17storage_migration5testss_65build_s3_config_rejects_missing_bucket_before_loading_credentials
FN:631,_RNvNtNtCsk1gAxsC5djE_9shardline17storage_migration5testss_66build_s3_config_accepts_file_backed_credentials_without_debug_leak
FNDA:1,_RINvNtCsk1gAxsC5djE_9shardline17storage_migration15build_s3_configNCNvNtB2_5testss_59build_s3_config_rejects_direct_and_file_credential_conflict0EB4_
FNDA:1,_RINvNtCsk1gAxsC5djE_9shardline17storage_migration15build_s3_configNCNvNtB2_5testss_63build_s3_config_rejects_invalid_bool_before_loading_credentials0EB4_
FNDA:1,_RINvNtCsk1gAxsC5djE_9shardline17storage_migration15build_s3_configNCNvNtB2_5testss_65build_s3_config_rejects_missing_bucket_before_loading_credentials0EB4_
FNDA:1,_RINvNtCsk1gAxsC5djE_9shardline17storage_migration15build_s3_configNCNvNtB2_5testss_66build_s3_config_accepts_file_backed_credentials_without_debug_leak0EB4_
FNDA:1,_RNCNvNtCsk1gAxsC5djE_9shardline17storage_migration12required_env0B5_
FNDA:1,_RNCNvNtCsk1gAxsC5djE_9shardline17storage_migration14local_endpoint0B5_
FNDA:0,_RNCNvNtCsk1gAxsC5djE_9shardline17storage_migration14local_endpoints_0B5_
FNDA:0,_RNCNvNtCsk1gAxsC5djE_9shardline17storage_migration17optional_bool_env0B5_
FNDA:0,_RNCNvNtCsk1gAxsC5djE_9shardline17storage_migration23read_s3_credential_file0B5_
FNDA:1,_RNCNvNtCsk1gAxsC5djE_9shardline17storage_migration23read_s3_credential_files0_0B5_
FNDA:0,_RNCNvNtCsk1gAxsC5djE_9shardline17storage_migration23read_s3_credential_files_0B5_
FNDA:1,_RNCNvNtCsk1gAxsC5djE_9shardline17storage_migration30BEFORE_S3_CREDENTIAL_READ_HOOK0B5_
FNDA:0,_RNCNvNtCsk1gAxsC5djE_9shardline17storage_migration31read_bounded_s3_credential_file0B5_
FNDA:0,_RNCNvNtCsk1gAxsC5djE_9shardline17storage_migration31read_bounded_s3_credential_files_0B5_
FNDA:1,_RNCNvNtCsk1gAxsC5djE_9shardline17storage_migration37take_s3_credential_read_hook_for_path0B5_
FNDA:1,_RNvNtCsk1gAxsC5djE_9shardline17storage_migration12required_env
FNDA:2,_RNvNtCsk1gAxsC5djE_9shardline17storage_migration14local_endpoint
FNDA:1,_RNvNtCsk1gAxsC5djE_9shardline17storage_migration17optional_bool_env
FNDA:3,_RNvNtCsk1gAxsC5djE_9shardline17storage_migration23open_s3_credential_file
FNDA:3,_RNvNtCsk1gAxsC5djE_9shardline17storage_migration23read_s3_credential_file
FNDA:7,_RNvNtCsk1gAxsC5djE_9shardline17storage_migration31optional_s3_secret_from_sources
FNDA:3,_RNvNtCsk1gAxsC5djE_9shardline17storage_migration31read_bounded_s3_credential_file
FNDA:3,_RNvNtCsk1gAxsC5djE_9shardline17storage_migration36ensure_s3_credential_path_is_regular
FNDA:3,_RNvNtCsk1gAxsC5djE_9shardline17storage_migration37take_s3_credential_read_hook_for_path
FNDA:8,_RNvNtCsk1gAxsC5djE_9shardline17storage_migration38ensure_s3_credential_size_within_limit
FNDA:3,_RNvNtCsk1gAxsC5djE_9shardline17storage_migration44run_before_s3_credential_read_hook_for_tests
FNDA:5,_RNvNtCsk1gAxsC5djE_9shardline17storage_migration7env_key
FNDA:1,_RNvNtCsk1gAxsC5djE_9shardline17storage_migration9env_value
FNDA:0,_RNCNvNtCsk1gAxsC5djE_9shardline17storage_migration14load_s3_config0B5_
FNDA:0,_RNCNvNtCsk1gAxsC5djE_9shardline17storage_migration14load_s3_configs_0B5_
FNDA:0,_RNvNtCsk1gAxsC5djE_9shardline17storage_migration14load_s3_config
FNDA:0,_RNvNtCsk1gAxsC5djE_9shardline17storage_migration21run_storage_migration
FNDA:0,_RNvNtCsk1gAxsC5djE_9shardline17storage_migration30optional_s3_secret_env_or_file
FNDA:0,_RNvNtCsk1gAxsC5djE_9shardline17storage_migration8endpoint
FNDA:1,_RINvNtNtCsk1gAxsC5djE_9shardline17storage_migration5tests44set_before_s3_credential_read_hook_for_testsNCNvB2_s_63build_s3_config_rejects_credential_file_growth_after_validation0EB6_
FNDA:0,_RNCINvNtNtCsk1gAxsC5djE_9shardline17storage_migration5tests44set_before_s3_credential_read_hook_for_testsNCNvB4_s_63build_s3_config_rejects_credential_file_growth_after_validation0E0B8_
FNDA:1,_RNCNvNtNtCsk1gAxsC5djE_9shardline17storage_migration5testss_59build_s3_config_rejects_direct_and_file_credential_conflict0B7_
FNDA:1,_RNCNvNtNtCsk1gAxsC5djE_9shardline17storage_migration5testss_63build_s3_config_rejects_credential_file_growth_after_validation0B7_
FNDA:0,_RNCNvNtNtCsk1gAxsC5djE_9shardline17storage_migration5testss_63build_s3_config_rejects_invalid_bool_before_loading_credentials0B7_
FNDA:0,_RNCNvNtNtCsk1gAxsC5djE_9shardline17storage_migration5testss_65build_s3_config_rejects_missing_bucket_before_loading_credentials0B7_
FNDA:1,_RNCNvNtNtCsk1gAxsC5djE_9shardline17storage_migration5testss_66build_s3_config_accepts_file_backed_credentials_without_debug_leak0B7_
FNDA:1,_RNvNtNtCsk1gAxsC5djE_9shardline17storage_migration5testss_25env_key_with_empty_prefix
FNDA:1,_RNvNtNtCsk1gAxsC5djE_9shardline17storage_migration5testss_29env_key_joins_prefix_and_name
FNDA:1,_RNvNtNtCsk1gAxsC5djE_9shardline17storage_migration5testss_32local_endpoint_accepts_real_root
FNDA:1,_RNvNtNtCsk1gAxsC5djE_9shardline17storage_migration5testss_36runtime_error_missing_s3_env_display
FNDA:1,_RNvNtNtCsk1gAxsC5djE_9shardline17storage_migration5testss_37local_endpoint_rejects_symlinked_root
FNDA:1,_RNvNtNtCsk1gAxsC5djE_9shardline17storage_migration5testss_37runtime_error_invalid_s3_bool_display
FNDA:1,_RNvNtNtCsk1gAxsC5djE_9shardline17storage_migration5testss_38runtime_error_server_from_server_error
FNDA:1,_RNvNtNtCsk1gAxsC5djE_9shardline17storage_migration5testss_40runtime_error_invalid_local_root_display
FNDA:1,_RNvNtNtCsk1gAxsC5djE_9shardline17storage_migration5testss_40runtime_error_missing_local_root_display
FNDA:1,_RNvNtNtCsk1gAxsC5djE_9shardline17storage_migration5testss_40runtime_error_s3_credential_file_display
FNDA:1,_RNvNtNtCsk1gAxsC5djE_9shardline17storage_migration5testss_40runtime_error_s3_credential_utf8_display
FNDA:1,_RNvNtNtCsk1gAxsC5djE_9shardline17storage_migration5testss_45runtime_error_config_from_server_config_error
FNDA:1,_RNvNtNtCsk1gAxsC5djE_9shardline17storage_migration5testss_45runtime_error_s3_credential_too_large_display
FNDA:1,_RNvNtNtCsk1gAxsC5djE_9shardline17storage_migration5testss_46runtime_error_missing_s3_env_from_required_env
FNDA:1,_RNvNtNtCsk1gAxsC5djE_9shardline17storage_migration5testss_47runtime_error_env_value_returns_none_when_unset
FNDA:1,_RNvNtNtCsk1gAxsC5djE_9shardline17storage_migration5testss_51runtime_error_s3_credential_length_mismatch_display
FNDA:1,_RNvNtNtCsk1gAxsC5djE_9shardline17storage_migration5testss_51runtime_error_s3_credential_source_conflict_display
FNDA:1,_RNvNtNtCsk1gAxsC5djE_9shardline17storage_migration5testss_51s3_credential_size_within_limit_accepts_small_value
FNDA:1,_RNvNtNtCsk1gAxsC5djE_9shardline17storage_migration5testss_52runtime_error_optional_s3_secret_from_sources_direct
FNDA:1,_RNvNtNtCsk1gAxsC5djE_9shardline17storage_migration5testss_53runtime_error_optional_bool_env_invalid_returns_error
FNDA:1,_RNvNtNtCsk1gAxsC5djE_9shardline17storage_migration5testss_53s3_credential_size_within_limit_accepts_exact_maximum
FNDA:1,_RNvNtNtCsk1gAxsC5djE_9shardline17storage_migration5testss_53storage_migration_bool_parser_accepts_operator_values
FNDA:1,_RNvNtNtCsk1gAxsC5djE_9shardline17storage_migration5testss_54runtime_error_optional_s3_secret_from_sources_conflict
FNDA:1,_RNvNtNtCsk1gAxsC5djE_9shardline17storage_migration5testss_55runtime_error_optional_s3_secret_from_sources_both_none
FNDA:1,_RNvNtNtCsk1gAxsC5djE_9shardline17storage_migration5testss_55s3_credential_size_within_limit_rejects_too_large_value
FNDA:1,_RNvNtNtCsk1gAxsC5djE_9shardline17storage_migration5testss_59build_s3_config_rejects_direct_and_file_credential_conflict
FNDA:1,_RNvNtNtCsk1gAxsC5djE_9shardline17storage_migration5testss_59build_s3_config_rejects_invalid_utf8_file_backed_credential
FNDA:1,_RNvNtNtCsk1gAxsC5djE_9shardline17storage_migration5testss_63build_s3_config_rejects_credential_file_growth_after_validation
FNDA:1,_RNvNtNtCsk1gAxsC5djE_9shardline17storage_migration5testss_63build_s3_config_rejects_invalid_bool_before_loading_credentials
FNDA:1,_RNvNtNtCsk1gAxsC5djE_9shardline17storage_migration5testss_65build_s3_config_rejects_missing_bucket_before_loading_credentials
FNDA:1,_RNvNtNtCsk1gAxsC5djE_9shardline17storage_migration5testss_66build_s3_config_accepts_file_backed_credentials_without_debug_leak
FNF:69
FNH:54
DA:41,1
DA:133,0
DA:134,0
DA:135,0
DA:136,0
DA:137,0
DA:138,0
DA:139,0
DA:140,0
DA:141,0
DA:142,0
DA:143,0
DA:144,0
DA:145,0
DA:147,0
DA:148,0
DA:150,0
DA:151,0
DA:152,0
DA:153,0
DA:154,0
DA:155,0
DA:156,0
DA:158,0
DA:159,0
DA:161,0
DA:163,0
DA:166,0
DA:168,2
DA:169,2
DA:170,2
DA:171,2
DA:172,2
DA:173,2
DA:174,1
DA:175,1
DA:176,1
DA:177,1
DA:178,1
DA:179,1
DA:180,1
DA:181,0
DA:183,0
DA:184,0
DA:185,0
DA:186,0
DA:187,0
DA:188,0
DA:189,0
DA:190,0
DA:191,0
DA:192,0
DA:193,0
DA:195,0
DA:196,0
DA:197,0
DA:198,0
DA:199,2
DA:201,0
DA:202,0
DA:203,0
DA:204,0
DA:205,0
DA:206,0
DA:207,0
DA:208,0
DA:211,0
DA:213,0
DA:214,0
DA:215,0
DA:217,0
DA:218,0
DA:228,4
DA:229,4
DA:230,4
DA:231,4
DA:232,4
DA:233,4
DA:234,4
DA:235,4
DA:236,4
DA:237,4
DA:239,4
DA:241,3
DA:242,3
DA:243,3
DA:244,3
DA:245,3
DA:246,3
DA:247,3
DA:248,2
DA:249,2
DA:251,1
DA:252,1
DA:253,1
DA:254,1
DA:255,1
DA:256,1
DA:257,4
DA:259,1
DA:260,1
DA:261,1
DA:262,1
DA:264,1
DA:265,1
DA:266,1
DA:268,0
DA:269,0
DA:270,0
DA:271,0
DA:272,0
DA:273,0
DA:274,0
DA:276,0
DA:277,0
DA:278,0
DA:279,0
DA:280,0
DA:282,0
DA:284,7
DA:285,7
DA:286,7
DA:287,7
DA:288,7
DA:289,7
DA:290,7
DA:291,2
DA:292,2
DA:293,2
DA:294,2
DA:295,2
DA:297,1
DA:298,3
DA:299,1
DA:301,7
DA:303,3
DA:304,3
DA:305,3
DA:306,3
DA:307,3
DA:308,0
DA:309,0
DA:310,0
DA:311,0
DA:312,0
DA:313,3
DA:314,3
DA:315,3
DA:316,0
DA:317,0
DA:318,0
DA:319,3
DA:321,3
DA:323,3
DA:324,2
DA:325,2
DA:326,2
DA:327,0
DA:329,2
DA:330,2
DA:331,3
DA:334,3
DA:335,3
DA:336,3
DA:337,3
DA:338,3
DA:339,3
DA:340,3
DA:348,3
DA:349,3
DA:350,3
DA:351,0
DA:352,0
DA:353,0
DA:354,0
DA:355,3
DA:357,3
DA:358,3
DA:360,3
DA:361,3
DA:362,3
DA:363,3
DA:364,3
DA:365,3
DA:366,3
DA:367,3
DA:369,3
DA:370,0
DA:371,0
DA:372,0
DA:373,0
DA:374,0
DA:376,3
DA:377,3
DA:378,0
DA:379,0
DA:380,0
DA:381,0
DA:382,0
DA:383,3
DA:385,3
DA:386,3
DA:387,2
DA:388,1
DA:389,1
DA:390,1
DA:391,1
DA:392,1
DA:393,1
DA:395,0
DA:396,0
DA:397,0
DA:398,0
DA:399,0
DA:403,2
DA:404,2
DA:405,2
DA:406,0
DA:407,0
DA:408,0
DA:409,2
DA:410,2
DA:411,0
DA:412,0
DA:413,0
DA:414,0
DA:415,0
DA:416,2
DA:418,2
DA:419,3
DA:421,8
DA:422,8
DA:423,8
DA:424,8
DA:425,8
DA:426,1
DA:427,1
DA:428,1
DA:429,1
DA:430,1
DA:431,7
DA:433,7
DA:434,8
DA:437,3
DA:438,3
DA:439,3
DA:440,0
DA:443,3
DA:444,1
DA:445,2
DA:446,3
DA:449,3
DA:450,3
DA:451,3
DA:452,3
DA:453,3
DA:454,3
DA:455,3
DA:456,1
DA:457,3
DA:462,1
DA:463,1
DA:464,1
DA:465,1
DA:466,1
DA:467,1
DA:468,1
DA:471,0
DA:472,0
DA:473,0
DA:474,1
DA:476,5
DA:477,5
DA:478,5
DA:501,1
DA:502,1
DA:503,1
DA:504,1
DA:505,1
DA:506,1
DA:507,0
DA:509,1
DA:510,1
DA:511,1
DA:512,0
DA:513,0
DA:514,1
DA:515,1
DA:516,1
DA:517,1
DA:518,1
DA:519,1
DA:522,1
DA:523,1
DA:524,1
DA:525,1
DA:526,1
DA:527,1
DA:528,1
DA:529,1
DA:530,1
DA:534,1
DA:535,1
DA:536,1
DA:537,1
DA:538,0
DA:540,1
DA:541,1
DA:542,1
DA:543,1
DA:544,1
DA:545,1
DA:547,1
DA:549,1
DA:550,1
DA:551,1
DA:553,1
DA:556,1
DA:557,1
DA:558,1
DA:559,1
DA:560,0
DA:563,1
DA:565,1
DA:566,1
DA:569,1
DA:572,1
DA:573,1
DA:574,1
DA:576,1
DA:577,1
DA:578,1
DA:579,1
DA:580,1
DA:581,1
DA:582,1
DA:583,1
DA:584,1
DA:585,1
DA:586,1
DA:587,0
DA:588,0
DA:589,0
DA:590,0
DA:593,1
DA:594,1
DA:597,1
DA:598,1
DA:601,1
DA:602,1
DA:603,1
DA:605,1
DA:606,1
DA:607,1
DA:608,1
DA:609,1
DA:610,1
DA:611,1
DA:612,1
DA:613,1
DA:614,1
DA:615,1
DA:616,1
DA:617,0
DA:618,0
DA:619,0
DA:620,0
DA:623,1
DA:624,1
DA:627,1
DA:628,1
DA:631,1
DA:632,1
DA:633,1
DA:634,1
DA:635,0
DA:637,1
DA:638,1
DA:640,1
DA:641,1
DA:642,1
DA:643,1
DA:644,1
DA:645,1
DA:646,1
DA:647,1
DA:648,1
DA:649,1
DA:651,1
DA:652,1
DA:653,1
DA:654,1
DA:655,1
DA:656,0
DA:657,1
DA:658,1
DA:660,1
DA:663,1
DA:664,1
DA:665,1
DA:666,1
DA:669,1
DA:670,1
DA:671,1
DA:672,1
DA:673,1
DA:674,1
DA:675,1
DA:676,1
DA:677,1
DA:678,1
DA:679,1
DA:681,1
DA:682,1
DA:683,1
DA:684,1
DA:685,1
DA:686,1
DA:687,0
DA:688,0
DA:690,1
DA:693,1
DA:694,1
DA:696,1
DA:697,1
DA:698,1
DA:699,1
DA:701,1
DA:704,1
DA:705,1
DA:706,1
DA:707,1
DA:708,0
DA:710,1
DA:711,1
DA:713,1
DA:714,1
DA:715,1
DA:716,1
DA:717,1
DA:720,1
DA:721,1
DA:722,1
DA:723,1
DA:725,1
DA:728,1
DA:729,1
DA:730,1
DA:731,1
DA:732,0
DA:734,1
DA:735,1
DA:736,1
DA:737,1
DA:738,1
DA:739,1
DA:740,1
DA:741,1
DA:742,0
DA:744,1
DA:745,1
DA:746,1
DA:748,1
DA:749,1
DA:750,1
DA:751,1
DA:752,1
DA:755,1
DA:756,1
DA:758,1
DA:761,1
DA:763,1
DA:768,1
DA:769,1
DA:770,1
DA:773,1
DA:776,1
DA:777,1
DA:778,1
DA:783,1
DA:784,1
DA:785,1
DA:788,1
DA:789,1
DA:790,1
DA:791,1
DA:792,1
DA:794,1
DA:797,1
DA:799,1
DA:802,1
DA:803,1
DA:804,1
DA:806,1
DA:811,1
DA:812,1
DA:813,1
DA:814,1
DA:815,1
DA:816,1
DA:817,1
DA:818,1
DA:819,1
DA:822,1
DA:823,1
DA:824,1
DA:825,1
DA:826,1
DA:827,1
DA:830,1
DA:831,1
DA:832,1
DA:833,1
DA:834,1
DA:835,1
DA:836,1
DA:837,1
DA:838,1
DA:841,1
DA:842,1
DA:843,1
DA:844,1
DA:845,1
DA:846,1
DA:847,1
DA:848,1
DA:849,1
DA:852,1
DA:854,1
DA:855,1
DA:856,1
DA:857,1
DA:858,1
DA:859,1
DA:861,1
DA:862,1
DA:863,1
DA:866,1
DA:867,1
DA:868,1
DA:869,1
DA:870,1
DA:871,1
DA:872,1
DA:873,1
DA:875,1
DA:878,1
DA:879,1
DA:880,1
DA:881,1
DA:882,1
DA:883,1
DA:884,1
DA:885,1
DA:887,1
DA:890,1
DA:891,1
DA:892,1
DA:893,1
DA:894,1
DA:895,1
DA:896,1
DA:897,1
DA:900,1
DA:902,1
DA:903,1
DA:904,1
DA:905,1
DA:906,1
DA:907,1
DA:908,1
DA:909,1
DA:911,1
DA:914,1
DA:915,1
DA:916,1
DA:917,1
DA:918,1
DA:919,1
DA:922,1
DA:924,1
DA:925,1
DA:926,1
DA:927,1
DA:928,1
DA:931,1
DA:933,1
DA:934,1
DA:935,1
DA:936,1
DA:937,1
DA:939,1
DA:942,1
DA:944,1
DA:946,1
DA:947,1
DA:950,1
DA:951,1
DA:952,1
DA:953,1
DA:956,1
DA:957,1
DA:958,1
DA:959,1
DA:960,1
DA:961,1
DA:963,1
DA:964,1
DA:967,1
DA:968,1
DA:969,1
DA:970,1
DA:971,1
DA:972,1
DA:974,1
DA:975,1
DA:978,1
DA:979,1
DA:980,1
DA:981,1
DA:982,1
DA:983,1
DA:985,1
DA:986,1
DA:989,1
BRF:0
BRH:0
LF:643
LH:501
end_of_record